{"session":"55060cdb5451","build":"182.5107.16.33.5199772","bucket":"-1","time":1552553620866,"group":{"id":"ui.dialogs","version":"2"},"event":{"count":1,"data":{"type":"show"},"id":"com.intellij.openapi.progress.util.ProgressDialog$MyDialogWrapper"}}
{"session":"55060cdb5451","build":"182.5107.16.33.5199772","bucket":"-1","time":1552553621138,"group":{"id":"lifecycle","version":"2"},"event":{"count":1,"data":{"durationSeconds":21},"id":"ide.freeze"}}
{"session":"55060cdb5451","build":"182.5107.16.33.5199772","bucket":"-1","time":1552553626345,"group":{"id":"ui.dialogs","version":"2"},"event":{"count":1,"data":{"code":1,"type":"close"},"id":"com.intellij.openapi.progress.util.ProgressDialog$MyDialogWrapper"}}
{"session":"55060cdb5451","build":"182.5107.16.33.5199772","bucket":"-1","time":1552553626492,"group":{"id":"lifecycle","version":"2"},"event":{"count":1,"data":{},"id":"project.opened"}}
{"session":"55060cdb5451","build":"182.5107.16.33.5199772","bucket":"-1","time":1552553630035,"group":{"id":"ui.dialogs","version":"2"},"event":{"count":1,"data":{"type":"show"},"id":"com.intellij.openapi.progress.util.ProgressDialog$MyDialogWrapper"}}
{"session":"55060cdb5451","build":"182.5107.16.33.5199772","bucket":"-1","time":1552553634875,"group":{"id":"toolwindow","version":"2"},"event":{"count":1,"data":{},"id":"Project_by_Activation"}}
{"session":"55060cdb5451","build":"182.5107.16.33.5199772","bucket":"-1","time":1552553635607,"group":{"id":"ui.dialogs","version":"2"},"event":{"count":1,"data":{"code":1,"type":"close"},"id":"com.intellij.openapi.progress.util.ProgressDialog$MyDialogWrapper"}}
{"session":"55060cdb5451","build":"182.5107.16.33.5199772","bucket":"-1","time":1552553635791,"group":{"id":"ui.dialogs","version":"2"},"event":{"count":1,"data":{"type":"show"},"id":"com.intellij.ide.util.TipDialog"}}
{"session":"55060cdb5451","build":"182.5107.16.33.5199772","bucket":"-1","time":1552553636344,"group":{"id":"ui.dialogs","version":"2"},"event":{"count":1,"data":{"type":"show"},"id":"com.intellij.openapi.progress.util.ProgressDialog$MyDialogWrapper"}}
{"session":"55060cdb5451","build":"182.5107.16.33.5199772","bucket":"-1","time":1552553636580,"group":{"id":"ui.dialogs","version":"2"},"event":{"count":1,"data":{"code":1,"type":"close"},"id":"com.intellij.openapi.progress.util.ProgressDialog$MyDialogWrapper"}}
{"session":"55060cdb5451","build":"182.5107.16.33.5199772","bucket":"-1","time":1552553636639,"group":{"id":"lifecycle","version":"2"},"event":{"count":1,"data":{},"id":"project.opened"}}
{"session":"55060cdb5451","build":"182.5107.16.33.5199772","bucket":"-1","time":1552553637085,"group":{"id":"ui.dialogs","version":"2"},"event":{"count":1,"data":{"type":"show"},"id":"com.intellij.openapi.progress.util.ProgressDialog$MyDialogWrapper"}}
{"session":"55060cdb5451","build":"182.5107.16.33.5199772","bucket":"-1","time":1552553637977,"group":{"id":"ui.dialogs","version":"2"},"event":{"count":1,"data":{"code":1,"type":"close"},"id":"com.intellij.openapi.progress.util.ProgressDialog$MyDialogWrapper"}}
{"session":"55060cdb5451","build":"182.5107.16.33.5199772","bucket":"-1","time":1552553638008,"group":{"id":"lifecycle","version":"2"},"event":{"count":1,"data":{},"id":"ideaapp.started"}}
{"session":"55060cdb5451","build":"182.5107.16.33.5199772","bucket":"-1","time":1552553638008,"group":{"id":"lifecycle","version":"2"},"event":{"count":1,"data":{},"id":"app.started"}}
{"session":"55060cdb5451","build":"182.5107.16.33.5199772","bucket":"-1","time":1552553639626,"group":{"id":"system.os.name","version":"2"},"event":{"data":{},"id":"Windows"}}
{"session":"55060cdb5451","build":"182.5107.16.33.5199772","bucket":"-1","time":1552553639626,"group":{"id":"system.os.version","version":"2"},"event":{"data":{},"id":"10.0"}}
{"session":"55060cdb5451","build":"182.5107.16.33.5199772","bucket":"-1","time":1552553639656,"group":{"id":"system.jvm.vendor","version":"2"},"event":{"data":{},"id":"JetBrains_s.r.o"}}
{"session":"55060cdb5451","build":"182.5107.16.33.5199772","bucket":"-1","time":1552553639656,"group":{"id":"system.jvm.version","version":"2"},"event":{"data":{},"id":"1.8"}}
{"session":"55060cdb5451","build":"182.5107.16.33.5199772","bucket":"-1","time":1552553640967,"group":{"id":"system.os.name","version":"2"},"event":{"data":{},"id":"Windows"}}
{"session":"55060cdb5451","build":"182.5107.16.33.5199772","bucket":"-1","time":1552553640967,"group":{"id":"system.os.version","version":"2"},"event":{"data":{},"id":"10.0"}}
{"session":"55060cdb5451","build":"182.5107.16.33.5199772","bucket":"-1","time":1552553640967,"group":{"id":"system.jvm.vendor","version":"2"},"event":{"data":{},"id":"JetBrains_s.r.o"}}
{"session":"55060cdb5451","build":"182.5107.16.33.5199772","bucket":"-1","time":1552553640967,"group":{"id":"system.jvm.version","version":"2"},"event":{"data":{},"id":"1.8"}}
{"session":"55060cdb5451","build":"182.5107.16.33.5199772","bucket":"-1","time":1552553640984,"group":{"id":"ui.dialogs","version":"2"},"event":{"count":1,"data":{"code":1,"type":"close"},"id":"com.intellij.ide.util.TipDialog"}}
{"session":"55060cdb5451","build":"182.5107.16.33.5199772","bucket":"-1","time":1552553641018,"group":{"id":"lifecycle","version":"2"},"event":{"count":1,"data":{"time.ms":20682},"id":"project.opening.finished"}}
{"session":"55060cdb5451","build":"182.5107.16.33.5199772","bucket":"-1","time":1552553641111,"group":{"id":"lifecycle","version":"2"},"event":{"count":1,"data":{"time.ms":6280},"id":"project.opening.finished"}}
{"session":"55060cdb5451","build":"182.5107.16.33.5199772","bucket":"-1","time":1552553644027,"group":{"id":"toolwindow","version":"2"},"event":{"count":1,"data":{},"id":"Build_by_Activation"}}
{"session":"55060cdb5451","build":"182.5107.16.33.5199772","bucket":"-1","time":1552553659654,"group":{"id":"actions","version":"2"},"event":{"count":2,"data":{},"id":"HideAllWindows"}}
{"session":"55060cdb5451","build":"182.5107.16.33.5199772","bucket":"-1","time":1552553659733,"group":{"id":"lifecycle","version":"2"},"event":{"count":1,"data":{"durationSeconds":11},"id":"ide.freeze"}}
{"session":"55060cdb5451","build":"182.5107.16.33.5199772","bucket":"-1","time":1552553719045,"group":{"id":"actions","version":"2"},"event":{"count":1,"data":{},"id":"OpenFile"}}
{"session":"55060cdb5451","build":"182.5107.16.33.5199772","bucket":"-1","time":1552553719108,"group":{"id":"ui.dialogs","version":"2"},"event":{"count":1,"data":{"type":"show"},"id":"com.intellij.openapi.fileChooser.ex.FileChooserDialogImpl"}}
{"session":"55060cdb5451","build":"182.5107.16.33.5199772","bucket":"-1","time":1552553728181,"group":{"id":"ui.dialogs","version":"2"},"event":{"count":1,"data":{"code":0,"type":"close"},"id":"com.intellij.openapi.fileChooser.ex.FileChooserDialogImpl"}}
{"session":"55060cdb5451","build":"182.5107.16.33.5199772","bucket":"-1","time":1552553728324,"group":{"id":"ui.dialogs","version":"2"},"event":{"count":1,"data":{"type":"show"},"id":"com.intellij.openapi.ui.messages.MessageDialog"}}
{"session":"55060cdb5451","build":"182.5107.16.33.5199772","bucket":"-1","time":1552553734924,"group":{"id":"lifecycle","version":"2"},"event":{"count":1,"data":{},"id":"project.closed"}}
{"session":"55060cdb5451","build":"182.5107.16.33.5199772","bucket":"-1","time":1552553737049,"group":{"id":"ui.dialogs","version":"2"},"event":{"count":1,"data":{"type":"show"},"id":"com.intellij.openapi.ui.messages.MessageDialog"}}
{"session":"55060cdb5451","build":"182.5107.16.33.5199772","bucket":"-1","time":1552553737420,"group":{"id":"ui.dialogs","version":"2"},"event":{"count":1,"data":{"type":"show"},"id":"com.intellij.openapi.progress.util.ProgressDialog$MyDialogWrapper"}}
{"session":"55060cdb5451","build":"182.5107.16.33.5199772","bucket":"-1","time":1552553742489,"group":{"id":"ui.dialogs","version":"2"},"event":{"count":1,"data":{"code":1,"type":"close"},"id":"com.intellij.openapi.progress.util.ProgressDialog$MyDialogWrapper"}}
{"session":"55060cdb5451","build":"182.5107.16.33.5199772","bucket":"-1","time":1552554290895,"group":{"id":"actions","version":"2"},"event":{"count":1,"data":{},"id":"OpenFile"}}
{"session":"55060cdb5451","build":"182.5107.16.33.5199772","bucket":"-1","time":1552554290895,"group":{"id":"ui.dialogs","version":"2"},"event":{"count":1,"data":{"type":"show"},"id":"com.intellij.openapi.fileChooser.ex.FileChooserDialogImpl"}}
{"session":"55060cdb5451","build":"182.5107.16.33.5199772","bucket":"-1","time":1552554295867,"group":{"id":"ui.dialogs","version":"2"},"event":{"count":1,"data":{"code":0,"type":"close"},"id":"com.intellij.openapi.fileChooser.ex.FileChooserDialogImpl"}}
{"session":"55060cdb5451","build":"182.5107.16.33.5199772","bucket":"-1","time":1552554295907,"group":{"id":"ui.dialogs","version":"2"},"event":{"count":1,"data":{"type":"show"},"id":"com.intellij.openapi.ui.messages.MessageDialog"}}
{"session":"55060cdb5451","build":"182.5107.16.33.5199772","bucket":"-1","time":1552554298167,"group":{"id":"lifecycle","version":"2"},"event":{"count":1,"data":{},"id":"project.opened"}}
{"session":"55060cdb5451","build":"182.5107.16.33.5199772","bucket":"-1","time":1552554299083,"group":{"id":"toolwindow","version":"2"},"event":{"count":1,"data":{},"id":"Project_by_Activation"}}
{"session":"55060cdb5451","build":"182.5107.16.33.5199772","bucket":"-1","time":1552554299188,"group":{"id":"lifecycle","version":"2"},"event":{"count":1,"data":{"time.ms":1233},"id":"project.opening.finished"}}
{"session":"55060cdb5451","build":"182.5107.16.33.5199772","bucket":"-1","time":1552554301077,"group":{"id":"trigger","version":"2"},"event":{"count":1,"data":{},"id":"StripeButton[Android_Profiler].hidden"}}
{"session":"55060cdb5451","build":"182.5107.16.33.5199772","bucket":"-1","time":1552554304050,"group":{"id":"toolwindow","version":"2"},"event":{"count":1,"data":{},"id":"Project_by_Activation"}}
{"session":"55060cdb5451","build":"182.5107.16.33.5199772","bucket":"-1","time":1552554304753,"group":{"id":"system.os.name","version":"2"},"event":{"data":{},"id":"Windows"}}
{"session":"55060cdb5451","build":"182.5107.16.33.5199772","bucket":"-1","time":1552554304753,"group":{"id":"system.os.version","version":"2"},"event":{"data":{},"id":"10.0"}}
{"session":"55060cdb5451","build":"182.5107.16.33.5199772","bucket":"-1","time":1552554304753,"group":{"id":"system.jvm.vendor","version":"2"},"event":{"data":{},"id":"JetBrains_s.r.o"}}
{"session":"55060cdb5451","build":"182.5107.16.33.5199772","bucket":"-1","time":1552554304753,"group":{"id":"system.jvm.version","version":"2"},"event":{"data":{},"id":"1.8"}}
{"session":"55060cdb5451","build":"182.5107.16.33.5199772","bucket":"-1","time":1552554334993,"group":{"id":"toolwindow","version":"2"},"event":{"count":3,"data":{},"id":"Project_by_Activation"}}
{"session":"55060cdb5451","build":"182.5107.16.33.5199772","bucket":"-1","time":1552554441499,"group":{"id":"lifecycle","version":"2"},"event":{"count":1,"data":{},"id":"project.closed"}}
{"session":"55060cdb5451","build":"182.5107.16.33.5199772","bucket":"-1","time":1552554442637,"group":{"id":"ui.dialogs","version":"2"},"event":{"count":1,"data":{"type":"show"},"id":"com.intellij.openapi.ui.messages.MessageDialog"}}
{"session":"55060cdb5451","build":"182.5107.16.33.5199772","bucket":"-1","time":1552554444680,"group":{"id":"lifecycle","version":"2"},"event":{"count":1,"data":{"restart":false},"id":"app.closed"}}
{"session":"55060cdb5451","build":"182.5107.16.33.5199772","bucket":"-1","time":1552554444948,"group":{"id":"lifecycle","version":"2"},"event":{"count":1,"data":{},"id":"project.closed"}}
{"session":"55060cdb5451","build":"182.5107.16.33.5199772","bucket":"-1","time":1552554445922,"group":{"id":"lifecycle","version":"2"},"event":{"count":1,"data":{},"id":"ideaapp.closed"}}
