{"session":"67240efd50b0","build":"182.5107.16.33.5199772","bucket":"-1","time":1552538036354,"group":{"id":"ui.dialogs","version":"2"},"event":{"count":1,"data":{"type":"show"},"id":"com.intellij.openapi.ui.messages.MessageDialog"}}
{"session":"67240efd50b0","build":"182.5107.16.33.5199772","bucket":"-1","time":1552538040416,"group":{"id":"ui.dialogs","version":"2"},"event":{"count":1,"data":{"type":"show"},"id":"com.intellij.openapi.options.newEditor.SettingsDialog"}}
{"session":"67240efd50b0","build":"182.5107.16.33.5199772","bucket":"-1","time":1552538041455,"group":{"id":"ui.dialogs","version":"2"},"event":{"count":1,"data":{"code":1,"type":"close"},"id":"com.intellij.openapi.options.newEditor.SettingsDialog"}}
{"session":"67240efd50b0","build":"182.5107.16.33.5199772","bucket":"-1","time":1552538041537,"group":{"id":"ui.dialogs","version":"2"},"event":{"count":1,"data":{"type":"show"},"id":"com.intellij.openapi.ui.messages.MessageDialog"}}
{"session":"67240efd50b0","build":"182.5107.16.33.5199772","bucket":"-1","time":1552538043852,"group":{"id":"lifecycle","version":"2"},"event":{"count":1,"data":{},"id":"ideaapp.started"}}
{"session":"67240efd50b0","build":"182.5107.16.33.5199772","bucket":"-1","time":1552538043876,"group":{"id":"lifecycle","version":"2"},"event":{"count":1,"data":{},"id":"app.started"}}
{"session":"67240efd50b0","build":"182.5107.16.33.5199772","bucket":"-1","time":1552538054018,"group":{"id":"trigger","version":"2"},"event":{"count":1,"data":{},"id":"welcome.screen.WelcomeScreen.Configure"}}
{"session":"67240efd50b0","build":"182.5107.16.33.5199772","bucket":"-1","time":1552538056111,"group":{"id":"ui.dialogs","version":"2"},"event":{"count":1,"data":{"type":"show"},"id":"com.intellij.openapi.options.newEditor.SettingsDialog"}}
{"session":"67240efd50b0","build":"182.5107.16.33.5199772","bucket":"-1","time":1552538058305,"group":{"id":"ui.dialogs","version":"2"},"event":{"count":1,"data":{"type":"show"},"id":"com.intellij.openapi.fileChooser.ex.FileChooserDialogImpl"}}
{"session":"67240efd50b0","build":"182.5107.16.33.5199772","bucket":"-1","time":1552538064475,"group":{"id":"ui.dialogs","version":"2"},"event":{"count":2,"data":{"type":"show"},"id":"com.intellij.openapi.ui.messages.MessageDialog"}}
{"session":"67240efd50b0","build":"182.5107.16.33.5199772","bucket":"-1","time":1552538071526,"group":{"id":"ui.dialogs","version":"2"},"event":{"count":1,"data":{"code":1,"type":"close"},"id":"com.intellij.openapi.fileChooser.ex.FileChooserDialogImpl"}}
{"session":"67240efd50b0","build":"182.5107.16.33.5199772","bucket":"-1","time":1552538078326,"group":{"id":"ui.dialogs","version":"2"},"event":{"count":1,"data":{"code":0,"type":"close"},"id":"com.intellij.openapi.options.newEditor.SettingsDialog"}}
{"session":"67240efd50b0","build":"182.5107.16.33.5199772","bucket":"-1","time":1552538078349,"group":{"id":"trigger","version":"2"},"event":{"count":1,"data":{},"id":"welcome.screen.null"}}
{"session":"67240efd50b0","build":"182.5107.16.33.5199772","bucket":"-1","time":1552538079651,"group":{"id":"ui.dialogs","version":"2"},"event":{"count":1,"data":{"type":"show"},"id":"com.android.tools.idea.wizard.model.ModelWizardDialog"}}
{"session":"67240efd50b0","build":"182.5107.16.33.5199772","bucket":"-1","time":1552538087148,"group":{"id":"actions","version":"2"},"event":{"count":28,"data":{},"id":"EditorBackSpace"}}
{"session":"67240efd50b0","build":"182.5107.16.33.5199772","bucket":"-1","time":1552538102192,"group":{"id":"ui.dialogs","version":"2"},"event":{"count":1,"data":{"code":0,"type":"close"},"id":"com.android.tools.idea.wizard.model.ModelWizardDialog"}}
{"session":"67240efd50b0","build":"182.5107.16.33.5199772","bucket":"-1","time":1552538102227,"group":{"id":"trigger","version":"2"},"event":{"count":1,"data":{},"id":"welcome.screen.WelcomeScreen.CreateNewProject"}}
{"session":"67240efd50b0","build":"182.5107.16.33.5199772","bucket":"-1","time":1552538102476,"group":{"id":"lifecycle","version":"2"},"event":{"count":1,"data":{},"id":"project.opened"}}
{"session":"67240efd50b0","build":"182.5107.16.33.5199772","bucket":"-1","time":1552538103322,"group":{"id":"ui.dialogs","version":"2"},"event":{"count":1,"data":{"type":"show"},"id":"com.intellij.openapi.progress.util.ProgressDialog$MyDialogWrapper"}}
{"session":"67240efd50b0","build":"182.5107.16.33.5199772","bucket":"-1","time":1552538103871,"group":{"id":"toolwindow","version":"2"},"event":{"count":1,"data":{},"id":"Assistant_by_Activation"}}
{"session":"67240efd50b0","build":"182.5107.16.33.5199772","bucket":"-1","time":1552538104231,"group":{"id":"ui.dialogs","version":"2"},"event":{"count":1,"data":{"code":1,"type":"close"},"id":"com.intellij.openapi.progress.util.ProgressDialog$MyDialogWrapper"}}
{"session":"67240efd50b0","build":"182.5107.16.33.5199772","bucket":"-1","time":1552538105196,"group":{"id":"toolwindow","version":"2"},"event":{"count":1,"data":{},"id":"Project_by_Activation"}}
{"session":"67240efd50b0","build":"182.5107.16.33.5199772","bucket":"-1","time":1552538105466,"group":{"id":"toolwindow","version":"2"},"event":{"count":1,"data":{},"id":"Assistant_by_Activation"}}
{"session":"67240efd50b0","build":"182.5107.16.33.5199772","bucket":"-1","time":1552538105508,"group":{"id":"toolwindow","version":"2"},"event":{"count":1,"data":{},"id":"Project_by_Activation"}}
{"session":"67240efd50b0","build":"182.5107.16.33.5199772","bucket":"-1","time":1552538105765,"group":{"id":"lifecycle","version":"2"},"event":{"count":1,"data":{"time.ms":7924},"id":"project.opening.finished"}}
{"session":"67240efd50b0","build":"182.5107.16.33.5199772","bucket":"-1","time":1552538106449,"group":{"id":"toolwindow","version":"2"},"event":{"count":1,"data":{},"id":"Build_by_Activation"}}
{"session":"67240efd50b0","build":"182.5107.16.33.5199772","bucket":"-1","time":1552538135826,"group":{"id":"system.os.name","version":"2"},"event":{"data":{},"id":"Windows"}}
{"session":"67240efd50b0","build":"182.5107.16.33.5199772","bucket":"-1","time":1552538135826,"group":{"id":"system.os.version","version":"2"},"event":{"data":{},"id":"10.0"}}
{"session":"67240efd50b0","build":"182.5107.16.33.5199772","bucket":"-1","time":1552538135826,"group":{"id":"system.jvm.vendor","version":"2"},"event":{"data":{},"id":"JetBrains_s.r.o"}}
{"session":"67240efd50b0","build":"182.5107.16.33.5199772","bucket":"-1","time":1552538135826,"group":{"id":"system.jvm.version","version":"2"},"event":{"data":{},"id":"1.8"}}
{"session":"67240efd50b0","build":"182.5107.16.33.5199772","bucket":"-1","time":1552538147995,"group":{"id":"actions","version":"2"},"event":{"count":1,"data":{},"id":"CodeCompletion"}}
{"session":"67240efd50b0","build":"182.5107.16.33.5199772","bucket":"-1","time":1552538148028,"group":{"id":"completion","version":"2"},"event":{"count":1,"data":{},"id":"editing.completion.basic"}}
{"session":"67240efd50b0","build":"182.5107.16.33.5199772","bucket":"-1","time":1552538148394,"group":{"id":"actions","version":"2"},"event":{"count":1,"data":{},"id":"CodeCompletion"}}
{"session":"67240efd50b0","build":"182.5107.16.33.5199772","bucket":"-1","time":1552538148394,"group":{"id":"completion","version":"2"},"event":{"count":1,"data":{},"id":"editing.completion.basic"}}
{"session":"67240efd50b0","build":"182.5107.16.33.5199772","bucket":"-1","time":1552538148559,"group":{"id":"actions","version":"2"},"event":{"count":1,"data":{},"id":"CodeCompletion"}}
{"session":"67240efd50b0","build":"182.5107.16.33.5199772","bucket":"-1","time":1552538148560,"group":{"id":"completion","version":"2"},"event":{"count":1,"data":{},"id":"editing.completion.basic"}}
{"session":"67240efd50b0","build":"182.5107.16.33.5199772","bucket":"-1","time":1552538149074,"group":{"id":"actions","version":"2"},"event":{"count":1,"data":{},"id":"CodeCompletion"}}
{"session":"67240efd50b0","build":"182.5107.16.33.5199772","bucket":"-1","time":1552538149085,"group":{"id":"completion","version":"2"},"event":{"count":1,"data":{},"id":"editing.completion.basic"}}
{"session":"67240efd50b0","build":"182.5107.16.33.5199772","bucket":"-1","time":1552538151303,"group":{"id":"actions","version":"2"},"event":{"count":1,"data":{},"id":"$Undo"}}
{"session":"67240efd50b0","build":"182.5107.16.33.5199772","bucket":"-1","time":1552538152650,"group":{"id":"actions","version":"2"},"event":{"count":6,"data":{},"id":"EditorDown"}}
{"session":"67240efd50b0","build":"182.5107.16.33.5199772","bucket":"-1","time":1552538158605,"group":{"id":"actions","version":"2"},"event":{"count":1,"data":{},"id":"EditorBackSpace"}}
{"session":"67240efd50b0","build":"182.5107.16.33.5199772","bucket":"-1","time":1552538160114,"group":{"id":"toolwindow","version":"2"},"event":{"count":1,"data":{},"id":"Preview_by_Activation"}}
{"session":"67240efd50b0","build":"182.5107.16.33.5199772","bucket":"-1","time":1552538161635,"group":{"id":"actions","version":"2"},"event":{"count":1,"data":{},"id":"$SelectAll"}}
{"session":"67240efd50b0","build":"182.5107.16.33.5199772","bucket":"-1","time":1552538162384,"group":{"id":"actions","version":"2"},"event":{"count":3,"data":{},"id":"EditorBackSpace"}}
{"session":"67240efd50b0","build":"182.5107.16.33.5199772","bucket":"-1","time":1552538175300,"group":{"id":"actions","version":"2"},"event":{"count":1,"data":{},"id":"CodeCompletion"}}
{"session":"67240efd50b0","build":"182.5107.16.33.5199772","bucket":"-1","time":1552538175300,"group":{"id":"completion","version":"2"},"event":{"count":1,"data":{},"id":"editing.completion.basic"}}
{"session":"67240efd50b0","build":"182.5107.16.33.5199772","bucket":"-1","time":1552538178491,"group":{"id":"actions","version":"2"},"event":{"count":1,"data":{},"id":"EditorEnter"}}
{"session":"67240efd50b0","build":"182.5107.16.33.5199772","bucket":"-1","time":1552538181715,"group":{"id":"toolwindow","version":"2"},"event":{"count":1,"data":{},"id":"Build_by_Activation"}}
{"session":"67240efd50b0","build":"182.5107.16.33.5199772","bucket":"-1","time":1552538385480,"group":{"id":"toolwindow","version":"2"},"event":{"count":1,"data":{},"id":"Project_by_Activation"}}
{"session":"67240efd50b0","build":"182.5107.16.33.5199772","bucket":"-1","time":1552538405129,"group":{"id":"toolwindow","version":"2"},"event":{"count":1,"data":{},"id":"Preview_by_Activation"}}
{"session":"67240efd50b0","build":"182.5107.16.33.5199772","bucket":"-1","time":1552538407871,"group":{"id":"toolwindow","version":"2"},"event":{"count":1,"data":{},"id":"Project_by_Activation"}}
{"session":"67240efd50b0","build":"182.5107.16.33.5199772","bucket":"-1","time":1552538521664,"group":{"id":"ui.dialogs","version":"2"},"event":{"count":1,"data":{"type":"show"},"id":"com.intellij.refactoring.move.moveFilesOrDirectories.MoveFilesOrDirectoriesDialog"}}
{"session":"67240efd50b0","build":"182.5107.16.33.5199772","bucket":"-1","time":1552538526475,"group":{"id":"ui.dialogs","version":"2"},"event":{"count":1,"data":{"code":1,"type":"close"},"id":"com.intellij.refactoring.move.moveFilesOrDirectories.MoveFilesOrDirectoriesDialog"}}
{"session":"67240efd50b0","build":"182.5107.16.33.5199772","bucket":"-1","time":1552538656199,"group":{"id":"actions","version":"2"},"event":{"count":1,"data":{},"id":"EditorBackSpace"}}
{"session":"67240efd50b0","build":"182.5107.16.33.5199772","bucket":"-1","time":1552538723484,"group":{"id":"toolwindow","version":"2"},"event":{"count":3,"data":{},"id":"Project_by_Activation"}}
{"session":"67240efd50b0","build":"182.5107.16.33.5199772","bucket":"-1","time":1552538913724,"group":{"id":"toolwindow","version":"2"},"event":{"count":1,"data":{},"id":"Build_by_Activation"}}
{"session":"67240efd50b0","build":"182.5107.16.33.5199772","bucket":"-1","time":1552539189560,"group":{"id":"ui.dialogs","version":"2"},"event":{"count":1,"data":{"type":"show"},"id":"com.intellij.openapi.ui.messages.MessageDialog"}}
{"session":"67240efd50b0","build":"182.5107.16.33.5199772","bucket":"-1","time":1552539192764,"group":{"id":"lifecycle","version":"2"},"event":{"count":1,"data":{"restart":false},"id":"app.closed"}}
{"session":"67240efd50b0","build":"182.5107.16.33.5199772","bucket":"-1","time":1552539193170,"group":{"id":"lifecycle","version":"2"},"event":{"count":1,"data":{},"id":"project.closed"}}
{"session":"67240efd50b0","build":"182.5107.16.33.5199772","bucket":"-1","time":1552539195741,"group":{"id":"lifecycle","version":"2"},"event":{"count":1,"data":{},"id":"ideaapp.closed"}}
