{"session":"490039480f16","build":"182.5107.16.33.5199772","bucket":"-1","time":1552567603603,"group":{"id":"ui.dialogs","version":"2"},"event":{"count":1,"data":{"type":"show"},"id":"com.intellij.openapi.progress.util.ProgressDialog$MyDialogWrapper"}}
{"session":"490039480f16","build":"182.5107.16.33.5199772","bucket":"-1","time":1552567604215,"group":{"id":"lifecycle","version":"2"},"event":{"count":1,"data":{"durationSeconds":24},"id":"ide.freeze"}}
{"session":"490039480f16","build":"182.5107.16.33.5199772","bucket":"-1","time":1552567611879,"group":{"id":"ui.dialogs","version":"2"},"event":{"count":1,"data":{"code":1,"type":"close"},"id":"com.intellij.openapi.progress.util.ProgressDialog$MyDialogWrapper"}}
{"session":"490039480f16","build":"182.5107.16.33.5199772","bucket":"-1","time":1552567612076,"group":{"id":"lifecycle","version":"2"},"event":{"count":1,"data":{},"id":"project.opened"}}
{"session":"490039480f16","build":"182.5107.16.33.5199772","bucket":"-1","time":1552567617030,"group":{"id":"ui.dialogs","version":"2"},"event":{"count":1,"data":{"type":"show"},"id":"com.intellij.openapi.progress.util.ProgressDialog$MyDialogWrapper"}}
{"session":"490039480f16","build":"182.5107.16.33.5199772","bucket":"-1","time":1552567625118,"group":{"id":"lifecycle","version":"2"},"event":{"count":1,"data":{},"id":"ideaapp.started"}}
{"session":"490039480f16","build":"182.5107.16.33.5199772","bucket":"-1","time":1552567625118,"group":{"id":"lifecycle","version":"2"},"event":{"count":1,"data":{},"id":"app.started"}}
{"session":"490039480f16","build":"182.5107.16.33.5199772","bucket":"-1","time":1552567625930,"group":{"id":"ui.dialogs","version":"2"},"event":{"count":1,"data":{"type":"show"},"id":"com.intellij.ide.util.TipDialog"}}
{"session":"490039480f16","build":"182.5107.16.33.5199772","bucket":"-1","time":1552567626480,"group":{"id":"ui.dialogs","version":"2"},"event":{"count":1,"data":{"code":1,"type":"close"},"id":"com.intellij.openapi.progress.util.ProgressDialog$MyDialogWrapper"}}
{"session":"490039480f16","build":"182.5107.16.33.5199772","bucket":"-1","time":1552567626643,"group":{"id":"lifecycle","version":"2"},"event":{"count":1,"data":{"time.ms":23652},"id":"project.opening.finished"}}
{"session":"490039480f16","build":"182.5107.16.33.5199772","bucket":"-1","time":1552567627829,"group":{"id":"system.os.name","version":"2"},"event":{"data":{},"id":"Windows"}}
{"session":"490039480f16","build":"182.5107.16.33.5199772","bucket":"-1","time":1552567627829,"group":{"id":"system.os.version","version":"2"},"event":{"data":{},"id":"10.0"}}
{"session":"490039480f16","build":"182.5107.16.33.5199772","bucket":"-1","time":1552567627829,"group":{"id":"system.jvm.vendor","version":"2"},"event":{"data":{},"id":"JetBrains_s.r.o"}}
{"session":"490039480f16","build":"182.5107.16.33.5199772","bucket":"-1","time":1552567627829,"group":{"id":"system.jvm.version","version":"2"},"event":{"data":{},"id":"1.8"}}
{"session":"490039480f16","build":"182.5107.16.33.5199772","bucket":"-1","time":1552567634466,"group":{"id":"ui.dialogs","version":"2"},"event":{"count":1,"data":{"code":1,"type":"close"},"id":"com.intellij.ide.util.TipDialog"}}
{"session":"490039480f16","build":"182.5107.16.33.5199772","bucket":"-1","time":1552567646051,"group":{"id":"actions","version":"2"},"event":{"count":1,"data":{},"id":"OpenFile"}}
{"session":"490039480f16","build":"182.5107.16.33.5199772","bucket":"-1","time":1552567646227,"group":{"id":"ui.dialogs","version":"2"},"event":{"count":1,"data":{"type":"show"},"id":"com.intellij.openapi.fileChooser.ex.FileChooserDialogImpl"}}
{"session":"490039480f16","build":"182.5107.16.33.5199772","bucket":"-1","time":1552567651023,"group":{"id":"ui.dialogs","version":"2"},"event":{"count":1,"data":{"code":0,"type":"close"},"id":"com.intellij.openapi.fileChooser.ex.FileChooserDialogImpl"}}
{"session":"490039480f16","build":"182.5107.16.33.5199772","bucket":"-1","time":1552567651140,"group":{"id":"ui.dialogs","version":"2"},"event":{"count":1,"data":{"type":"show"},"id":"com.intellij.openapi.ui.messages.MessageDialog"}}
{"session":"490039480f16","build":"182.5107.16.33.5199772","bucket":"-1","time":1552567654479,"group":{"id":"lifecycle","version":"2"},"event":{"count":1,"data":{},"id":"project.closed"}}
{"session":"490039480f16","build":"182.5107.16.33.5199772","bucket":"-1","time":1552567657486,"group":{"id":"lifecycle","version":"2"},"event":{"count":1,"data":{},"id":"project.opened"}}
{"session":"490039480f16","build":"182.5107.16.33.5199772","bucket":"-1","time":1552567657810,"group":{"id":"ui.dialogs","version":"2"},"event":{"count":1,"data":{"type":"show"},"id":"com.intellij.openapi.progress.util.ProgressDialog$MyDialogWrapper"}}
{"session":"490039480f16","build":"182.5107.16.33.5199772","bucket":"-1","time":1552567658608,"group":{"id":"toolwindow","version":"2"},"event":{"count":1,"data":{},"id":"Project_by_Activation"}}
{"session":"490039480f16","build":"182.5107.16.33.5199772","bucket":"-1","time":1552567658990,"group":{"id":"ui.dialogs","version":"2"},"event":{"count":1,"data":{"code":1,"type":"close"},"id":"com.intellij.openapi.progress.util.ProgressDialog$MyDialogWrapper"}}
{"session":"490039480f16","build":"182.5107.16.33.5199772","bucket":"-1","time":1552567659000,"group":{"id":"lifecycle","version":"2"},"event":{"count":1,"data":{"time.ms":4085},"id":"project.opening.finished"}}
{"session":"490039480f16","build":"182.5107.16.33.5199772","bucket":"-1","time":1552567674697,"group":{"id":"trigger","version":"2"},"event":{"count":1,"data":{},"id":"StripeButton[Android_Profiler].hidden"}}
{"session":"490039480f16","build":"182.5107.16.33.5199772","bucket":"-1","time":1552567674806,"group":{"id":"toolwindow","version":"2"},"event":{"count":1,"data":{},"id":"Project_by_Activation"}}
{"session":"490039480f16","build":"182.5107.16.33.5199772","bucket":"-1","time":1552567680059,"group":{"id":"system.os.name","version":"2"},"event":{"data":{},"id":"Windows"}}
{"session":"490039480f16","build":"182.5107.16.33.5199772","bucket":"-1","time":1552567680059,"group":{"id":"system.os.version","version":"2"},"event":{"data":{},"id":"10.0"}}
{"session":"490039480f16","build":"182.5107.16.33.5199772","bucket":"-1","time":1552567680059,"group":{"id":"system.jvm.vendor","version":"2"},"event":{"data":{},"id":"JetBrains_s.r.o"}}
{"session":"490039480f16","build":"182.5107.16.33.5199772","bucket":"-1","time":1552567680059,"group":{"id":"system.jvm.version","version":"2"},"event":{"data":{},"id":"1.8"}}
{"session":"490039480f16","build":"182.5107.16.33.5199772","bucket":"-1","time":1552567699026,"group":{"id":"actions","version":"2"},"event":{"count":1,"data":{},"id":"OpenFile"}}
{"session":"490039480f16","build":"182.5107.16.33.5199772","bucket":"-1","time":1552567699032,"group":{"id":"ui.dialogs","version":"2"},"event":{"count":1,"data":{"type":"show"},"id":"com.intellij.openapi.fileChooser.ex.FileChooserDialogImpl"}}
{"session":"490039480f16","build":"182.5107.16.33.5199772","bucket":"-1","time":1552567707540,"group":{"id":"ui.dialogs","version":"2"},"event":{"count":1,"data":{"code":0,"type":"close"},"id":"com.intellij.openapi.fileChooser.ex.FileChooserDialogImpl"}}
{"session":"490039480f16","build":"182.5107.16.33.5199772","bucket":"-1","time":1552567707588,"group":{"id":"ui.dialogs","version":"2"},"event":{"count":1,"data":{"type":"show"},"id":"com.intellij.openapi.ui.messages.MessageDialog"}}
{"session":"490039480f16","build":"182.5107.16.33.5199772","bucket":"-1","time":1552567710560,"group":{"id":"lifecycle","version":"2"},"event":{"count":1,"data":{},"id":"project.closed"}}
{"session":"490039480f16","build":"182.5107.16.33.5199772","bucket":"-1","time":1552567710813,"group":{"id":"lifecycle","version":"2"},"event":{"count":1,"data":{},"id":"project.opened"}}
{"session":"490039480f16","build":"182.5107.16.33.5199772","bucket":"-1","time":1552567711315,"group":{"id":"toolwindow","version":"2"},"event":{"count":1,"data":{},"id":"Project_by_Activation"}}
{"session":"490039480f16","build":"182.5107.16.33.5199772","bucket":"-1","time":1552567711343,"group":{"id":"lifecycle","version":"2"},"event":{"count":1,"data":{"time.ms":660},"id":"project.opening.finished"}}
{"session":"490039480f16","build":"182.5107.16.33.5199772","bucket":"-1","time":1552567714568,"group":{"id":"trigger","version":"2"},"event":{"count":1,"data":{},"id":"StripeButton[Android_Profiler].hidden"}}
{"session":"490039480f16","build":"182.5107.16.33.5199772","bucket":"-1","time":1552567714914,"group":{"id":"toolwindow","version":"2"},"event":{"count":1,"data":{},"id":"Project_by_Activation"}}
{"session":"490039480f16","build":"182.5107.16.33.5199772","bucket":"-1","time":1552567719412,"group":{"id":"system.os.name","version":"2"},"event":{"data":{},"id":"Windows"}}
{"session":"490039480f16","build":"182.5107.16.33.5199772","bucket":"-1","time":1552567719412,"group":{"id":"system.os.version","version":"2"},"event":{"data":{},"id":"10.0"}}
{"session":"490039480f16","build":"182.5107.16.33.5199772","bucket":"-1","time":1552567719412,"group":{"id":"system.jvm.vendor","version":"2"},"event":{"data":{},"id":"JetBrains_s.r.o"}}
{"session":"490039480f16","build":"182.5107.16.33.5199772","bucket":"-1","time":1552567719417,"group":{"id":"system.jvm.version","version":"2"},"event":{"data":{},"id":"1.8"}}
{"session":"490039480f16","build":"182.5107.16.33.5199772","bucket":"-1","time":1552567731009,"group":{"id":"actions","version":"2"},"event":{"count":1,"data":{},"id":"OpenFile"}}
{"session":"490039480f16","build":"182.5107.16.33.5199772","bucket":"-1","time":1552567731017,"group":{"id":"ui.dialogs","version":"2"},"event":{"count":1,"data":{"type":"show"},"id":"com.intellij.openapi.fileChooser.ex.FileChooserDialogImpl"}}
{"session":"490039480f16","build":"182.5107.16.33.5199772","bucket":"-1","time":1552567813656,"group":{"id":"ui.dialogs","version":"2"},"event":{"count":1,"data":{"code":0,"type":"close"},"id":"com.intellij.openapi.fileChooser.ex.FileChooserDialogImpl"}}
{"session":"490039480f16","build":"182.5107.16.33.5199772","bucket":"-1","time":1552567814063,"group":{"id":"ui.dialogs","version":"2"},"event":{"count":1,"data":{"type":"show"},"id":"com.intellij.openapi.fileTypes.ex.FileTypeChooser"}}
{"session":"490039480f16","build":"182.5107.16.33.5199772","bucket":"-1","time":1552567839112,"group":{"id":"ui.dialogs","version":"2"},"event":{"count":1,"data":{"code":1,"type":"close"},"id":"com.intellij.openapi.fileTypes.ex.FileTypeChooser"}}
{"session":"490039480f16","build":"182.5107.16.33.5199772","bucket":"-1","time":1552567875378,"group":{"id":"actions","version":"2"},"event":{"count":1,"data":{},"id":"Android.SyncProject"}}
{"session":"490039480f16","build":"182.5107.16.33.5199772","bucket":"-1","time":1552567892017,"group":{"id":"actions","version":"2"},"event":{"count":1,"data":{},"id":"OpenFile"}}
{"session":"490039480f16","build":"182.5107.16.33.5199772","bucket":"-1","time":1552567892023,"group":{"id":"ui.dialogs","version":"2"},"event":{"count":1,"data":{"type":"show"},"id":"com.intellij.openapi.fileChooser.ex.FileChooserDialogImpl"}}
{"session":"490039480f16","build":"182.5107.16.33.5199772","bucket":"-1","time":1552567894983,"group":{"id":"ui.dialogs","version":"2"},"event":{"count":1,"data":{"code":0,"type":"close"},"id":"com.intellij.openapi.fileChooser.ex.FileChooserDialogImpl"}}
{"session":"490039480f16","build":"182.5107.16.33.5199772","bucket":"-1","time":1552567895030,"group":{"id":"ui.dialogs","version":"2"},"event":{"count":1,"data":{"type":"show"},"id":"com.intellij.openapi.fileTypes.ex.FileTypeChooser"}}
{"session":"490039480f16","build":"182.5107.16.33.5199772","bucket":"-1","time":1552567899481,"group":{"id":"ui.dialogs","version":"2"},"event":{"count":1,"data":{"code":0,"type":"close"},"id":"com.intellij.openapi.fileTypes.ex.FileTypeChooser"}}
{"session":"490039480f16","build":"182.5107.16.33.5199772","bucket":"-1","time":1552567912160,"group":{"id":"toolwindow","version":"2"},"event":{"count":1,"data":{},"id":"Project_by_Activation"}}
{"session":"490039480f16","build":"182.5107.16.33.5199772","bucket":"-1","time":1552567918494,"group":{"id":"actions","version":"2"},"event":{"count":1,"data":{},"id":"OpenFile"}}
{"session":"490039480f16","build":"182.5107.16.33.5199772","bucket":"-1","time":1552567918499,"group":{"id":"ui.dialogs","version":"2"},"event":{"count":1,"data":{"type":"show"},"id":"com.intellij.openapi.fileChooser.ex.FileChooserDialogImpl"}}
{"session":"490039480f16","build":"182.5107.16.33.5199772","bucket":"-1","time":1552567922914,"group":{"id":"ui.dialogs","version":"2"},"event":{"count":1,"data":{"code":0,"type":"close"},"id":"com.intellij.openapi.fileChooser.ex.FileChooserDialogImpl"}}
{"session":"490039480f16","build":"182.5107.16.33.5199772","bucket":"-1","time":1552567927707,"group":{"id":"actions","version":"2"},"event":{"count":1,"data":{},"id":"OpenFile"}}
{"session":"490039480f16","build":"182.5107.16.33.5199772","bucket":"-1","time":1552567927712,"group":{"id":"ui.dialogs","version":"2"},"event":{"count":1,"data":{"type":"show"},"id":"com.intellij.openapi.fileChooser.ex.FileChooserDialogImpl"}}
{"session":"490039480f16","build":"182.5107.16.33.5199772","bucket":"-1","time":1552567942886,"group":{"id":"ui.dialogs","version":"2"},"event":{"count":1,"data":{"code":0,"type":"close"},"id":"com.intellij.openapi.fileChooser.ex.FileChooserDialogImpl"}}
{"session":"490039480f16","build":"182.5107.16.33.5199772","bucket":"-1","time":1552567947220,"group":{"id":"toolwindow","version":"2"},"event":{"count":1,"data":{},"id":"Project_by_Activation"}}
{"session":"490039480f16","build":"182.5107.16.33.5199772","bucket":"-1","time":1552567954142,"group":{"id":"actions","version":"2"},"event":{"count":1,"data":{},"id":"SearchEverywhere"}}
{"session":"490039480f16","build":"182.5107.16.33.5199772","bucket":"-1","time":1552567960338,"group":{"id":"toolwindow","version":"2"},"event":{"count":1,"data":{},"id":"Project_by_Activation"}}
{"session":"490039480f16","build":"182.5107.16.33.5199772","bucket":"-1","time":1552567961910,"group":{"id":"actions","version":"2"},"event":{"count":1,"data":{},"id":"SearchEverywhere"}}
{"session":"490039480f16","build":"182.5107.16.33.5199772","bucket":"-1","time":1552567972414,"group":{"id":"actions","version":"2"},"event":{"count":7,"data":{},"id":"EditorBackSpace"}}
{"session":"490039480f16","build":"182.5107.16.33.5199772","bucket":"-1","time":1552567986275,"group":{"id":"actions","version":"2"},"event":{"count":14,"data":{},"id":"EditorBackSpace"}}
{"session":"490039480f16","build":"182.5107.16.33.5199772","bucket":"-1","time":1552568001360,"group":{"id":"actions","version":"2"},"event":{"count":18,"data":{},"id":"EditorBackSpace"}}
{"session":"490039480f16","build":"182.5107.16.33.5199772","bucket":"-1","time":1552568017263,"group":{"id":"actions","version":"2"},"event":{"count":1,"data":{},"id":"Android.RunAndroidAvdManager"}}
{"session":"490039480f16","build":"182.5107.16.33.5199772","bucket":"-1","time":1552568020970,"group":{"id":"ui.dialogs","version":"2"},"event":{"count":1,"data":{"type":"show"},"id":"com.android.tools.idea.wizard.model.ModelWizardDialog"}}
{"session":"490039480f16","build":"182.5107.16.33.5199772","bucket":"-1","time":1552568043527,"group":{"id":"ui.dialogs","version":"2"},"event":{"count":1,"data":{"type":"show"},"id":"com.android.tools.idea.wizard.model.ModelWizardDialog"}}
{"session":"490039480f16","build":"182.5107.16.33.5199772","bucket":"-1","time":1552568113832,"group":{"id":"ui.dialogs","version":"2"},"event":{"count":1,"data":{"code":1,"type":"close"},"id":"com.android.tools.idea.wizard.model.ModelWizardDialog"}}
{"session":"490039480f16","build":"182.5107.16.33.5199772","bucket":"-1","time":1552568118304,"group":{"id":"ui.dialogs","version":"2"},"event":{"count":1,"data":{"type":"show"},"id":"com.android.tools.idea.wizard.model.ModelWizardDialog"}}
{"session":"490039480f16","build":"182.5107.16.33.5199772","bucket":"-1","time":1552568121056,"group":{"id":"ui.dialogs","version":"2"},"event":{"count":1,"data":{"code":1,"type":"close"},"id":"com.android.tools.idea.wizard.model.ModelWizardDialog"}}
{"session":"490039480f16","build":"182.5107.16.33.5199772","bucket":"-1","time":1552568134219,"group":{"id":"ui.dialogs","version":"2"},"event":{"count":1,"data":{"type":"show"},"id":"com.android.tools.idea.wizard.model.ModelWizardDialog"}}
{"session":"490039480f16","build":"182.5107.16.33.5199772","bucket":"-1","time":1552568239188,"group":{"id":"lifecycle","version":"2"},"event":{"count":1,"data":{"mappingFailed":false,"oom":false},"id":"ide.error"}}
{"session":"490039480f16","build":"182.5107.16.33.5199772","bucket":"-1","time":1552568336573,"group":{"id":"ui.dialogs","version":"2"},"event":{"count":1,"data":{"code":0,"type":"close"},"id":"com.android.tools.idea.wizard.model.ModelWizardDialog"}}
{"session":"490039480f16","build":"182.5107.16.33.5199772","bucket":"-1","time":1552568366881,"group":{"id":"ui.dialogs","version":"2"},"event":{"count":1,"data":{"type":"show"},"id":"com.android.tools.idea.wizard.model.ModelWizardDialog"}}
{"session":"490039480f16","build":"182.5107.16.33.5199772","bucket":"-1","time":1552569153618,"group":{"id":"ui.dialogs","version":"2"},"event":{"count":1,"data":{"code":0,"type":"close"},"id":"com.android.tools.idea.wizard.model.ModelWizardDialog"}}
{"session":"490039480f16","build":"182.5107.16.33.5199772","bucket":"-1","time":1552569167956,"group":{"id":"ui.dialogs","version":"2"},"event":{"count":1,"data":{"type":"show"},"id":"com.intellij.openapi.progress.util.ProgressDialog$MyDialogWrapper"}}
{"session":"490039480f16","build":"182.5107.16.33.5199772","bucket":"-1","time":1552569168503,"group":{"id":"ui.dialogs","version":"2"},"event":{"count":1,"data":{"code":1,"type":"close"},"id":"com.intellij.openapi.progress.util.ProgressDialog$MyDialogWrapper"}}
{"session":"490039480f16","build":"182.5107.16.33.5199772","bucket":"-1","time":1552569168503,"group":{"id":"ui.dialogs","version":"2"},"event":{"count":1,"data":{"code":0,"type":"close"},"id":"com.android.tools.idea.wizard.model.ModelWizardDialog"}}
{"session":"490039480f16","build":"182.5107.16.33.5199772","bucket":"-1","time":1552569184706,"group":{"id":"actions","version":"2"},"event":{"count":1,"data":{},"id":"OpenFile"}}
{"session":"490039480f16","build":"182.5107.16.33.5199772","bucket":"-1","time":1552569184706,"group":{"id":"ui.dialogs","version":"2"},"event":{"count":1,"data":{"type":"show"},"id":"com.intellij.openapi.fileChooser.ex.FileChooserDialogImpl"}}
{"session":"490039480f16","build":"182.5107.16.33.5199772","bucket":"-1","time":1552569190114,"group":{"id":"ui.dialogs","version":"2"},"event":{"count":1,"data":{"code":1,"type":"close"},"id":"com.intellij.openapi.fileChooser.ex.FileChooserDialogImpl"}}
{"session":"490039480f16","build":"182.5107.16.33.5199772","bucket":"-1","time":1552569193759,"group":{"id":"actions","version":"2"},"event":{"count":1,"data":{},"id":"OpenFile"}}
{"session":"490039480f16","build":"182.5107.16.33.5199772","bucket":"-1","time":1552569193759,"group":{"id":"ui.dialogs","version":"2"},"event":{"count":1,"data":{"type":"show"},"id":"com.intellij.openapi.fileChooser.ex.FileChooserDialogImpl"}}
{"session":"490039480f16","build":"182.5107.16.33.5199772","bucket":"-1","time":1552569223763,"group":{"id":"ui.dialogs","version":"2"},"event":{"count":1,"data":{"code":1,"type":"close"},"id":"com.intellij.openapi.fileChooser.ex.FileChooserDialogImpl"}}
{"session":"490039480f16","build":"182.5107.16.33.5199772","bucket":"-1","time":1552570161544,"group":{"id":"actions","version":"2"},"event":{"count":1,"data":{},"id":"OpenFile"}}
{"session":"490039480f16","build":"182.5107.16.33.5199772","bucket":"-1","time":1552570161544,"group":{"id":"ui.dialogs","version":"2"},"event":{"count":1,"data":{"type":"show"},"id":"com.intellij.openapi.fileChooser.ex.FileChooserDialogImpl"}}
{"session":"490039480f16","build":"182.5107.16.33.5199772","bucket":"-1","time":1552570176136,"group":{"id":"ui.dialogs","version":"2"},"event":{"count":1,"data":{"code":0,"type":"close"},"id":"com.intellij.openapi.fileChooser.ex.FileChooserDialogImpl"}}
{"session":"490039480f16","build":"182.5107.16.33.5199772","bucket":"-1","time":1552570176182,"group":{"id":"ui.dialogs","version":"2"},"event":{"count":1,"data":{"type":"show"},"id":"com.intellij.openapi.ui.messages.MessageDialog"}}
{"session":"490039480f16","build":"182.5107.16.33.5199772","bucket":"-1","time":1552570178400,"group":{"id":"lifecycle","version":"2"},"event":{"count":1,"data":{},"id":"project.closed"}}
{"session":"490039480f16","build":"182.5107.16.33.5199772","bucket":"-1","time":1552570178714,"group":{"id":"lifecycle","version":"2"},"event":{"count":1,"data":{},"id":"project.opened"}}
{"session":"490039480f16","build":"182.5107.16.33.5199772","bucket":"-1","time":1552570179158,"group":{"id":"toolwindow","version":"2"},"event":{"count":1,"data":{},"id":"Project_by_Activation"}}
{"session":"490039480f16","build":"182.5107.16.33.5199772","bucket":"-1","time":1552570179252,"group":{"id":"lifecycle","version":"2"},"event":{"count":1,"data":{"time.ms":694},"id":"project.opening.finished"}}
{"session":"490039480f16","build":"182.5107.16.33.5199772","bucket":"-1","time":1552570181423,"group":{"id":"trigger","version":"2"},"event":{"count":1,"data":{},"id":"StripeButton[Android_Profiler].hidden"}}
{"session":"490039480f16","build":"182.5107.16.33.5199772","bucket":"-1","time":1552570182220,"group":{"id":"toolwindow","version":"2"},"event":{"count":1,"data":{},"id":"Project_by_Activation"}}
{"session":"490039480f16","build":"182.5107.16.33.5199772","bucket":"-1","time":1552570186030,"group":{"id":"system.os.name","version":"2"},"event":{"data":{},"id":"Windows"}}
{"session":"490039480f16","build":"182.5107.16.33.5199772","bucket":"-1","time":1552570186030,"group":{"id":"system.os.version","version":"2"},"event":{"data":{},"id":"10.0"}}
{"session":"490039480f16","build":"182.5107.16.33.5199772","bucket":"-1","time":1552570186030,"group":{"id":"system.jvm.vendor","version":"2"},"event":{"data":{},"id":"JetBrains_s.r.o"}}
{"session":"490039480f16","build":"182.5107.16.33.5199772","bucket":"-1","time":1552570186030,"group":{"id":"system.jvm.version","version":"2"},"event":{"data":{},"id":"1.8"}}
{"session":"490039480f16","build":"182.5107.16.33.5199772","bucket":"-1","time":1552570210895,"group":{"id":"actions","version":"2"},"event":{"count":1,"data":{},"id":"OpenFile"}}
{"session":"490039480f16","build":"182.5107.16.33.5199772","bucket":"-1","time":1552570210910,"group":{"id":"ui.dialogs","version":"2"},"event":{"count":1,"data":{"type":"show"},"id":"com.intellij.openapi.fileChooser.ex.FileChooserDialogImpl"}}
{"session":"490039480f16","build":"182.5107.16.33.5199772","bucket":"-1","time":1552570219827,"group":{"id":"ui.dialogs","version":"2"},"event":{"count":1,"data":{"code":0,"type":"close"},"id":"com.intellij.openapi.fileChooser.ex.FileChooserDialogImpl"}}
{"session":"490039480f16","build":"182.5107.16.33.5199772","bucket":"-1","time":1552570219889,"group":{"id":"ui.dialogs","version":"2"},"event":{"count":1,"data":{"type":"show"},"id":"com.intellij.openapi.ui.messages.MessageDialog"}}
{"session":"490039480f16","build":"182.5107.16.33.5199772","bucket":"-1","time":1552570222424,"group":{"id":"lifecycle","version":"2"},"event":{"count":1,"data":{},"id":"project.closed"}}
{"session":"490039480f16","build":"182.5107.16.33.5199772","bucket":"-1","time":1552570222596,"group":{"id":"lifecycle","version":"2"},"event":{"count":1,"data":{},"id":"project.opened"}}
{"session":"490039480f16","build":"182.5107.16.33.5199772","bucket":"-1","time":1552570223112,"group":{"id":"toolwindow","version":"2"},"event":{"count":1,"data":{},"id":"Project_by_Activation"}}
{"session":"490039480f16","build":"182.5107.16.33.5199772","bucket":"-1","time":1552570223268,"group":{"id":"lifecycle","version":"2"},"event":{"count":1,"data":{"time.ms":760},"id":"project.opening.finished"}}
{"session":"490039480f16","build":"182.5107.16.33.5199772","bucket":"-1","time":1552570224455,"group":{"id":"trigger","version":"2"},"event":{"count":1,"data":{},"id":"StripeButton[Android_Profiler].hidden"}}
{"session":"490039480f16","build":"182.5107.16.33.5199772","bucket":"-1","time":1552570224737,"group":{"id":"toolwindow","version":"2"},"event":{"count":1,"data":{},"id":"Project_by_Activation"}}
{"session":"490039480f16","build":"182.5107.16.33.5199772","bucket":"-1","time":1552570227922,"group":{"id":"system.os.name","version":"2"},"event":{"data":{},"id":"Windows"}}
{"session":"490039480f16","build":"182.5107.16.33.5199772","bucket":"-1","time":1552570227922,"group":{"id":"system.os.version","version":"2"},"event":{"data":{},"id":"10.0"}}
{"session":"490039480f16","build":"182.5107.16.33.5199772","bucket":"-1","time":1552570227923,"group":{"id":"system.jvm.vendor","version":"2"},"event":{"data":{},"id":"JetBrains_s.r.o"}}
{"session":"490039480f16","build":"182.5107.16.33.5199772","bucket":"-1","time":1552570227923,"group":{"id":"system.jvm.version","version":"2"},"event":{"data":{},"id":"1.8"}}
{"session":"490039480f16","build":"182.5107.16.33.5199772","bucket":"-1","time":1552570231887,"group":{"id":"actions","version":"2"},"event":{"count":1,"data":{},"id":"OpenFile"}}
{"session":"490039480f16","build":"182.5107.16.33.5199772","bucket":"-1","time":1552570231889,"group":{"id":"ui.dialogs","version":"2"},"event":{"count":1,"data":{"type":"show"},"id":"com.intellij.openapi.fileChooser.ex.FileChooserDialogImpl"}}
{"session":"490039480f16","build":"182.5107.16.33.5199772","bucket":"-1","time":1552570235457,"group":{"id":"ui.dialogs","version":"2"},"event":{"count":1,"data":{"code":0,"type":"close"},"id":"com.intellij.openapi.fileChooser.ex.FileChooserDialogImpl"}}
{"session":"490039480f16","build":"182.5107.16.33.5199772","bucket":"-1","time":1552570235515,"group":{"id":"ui.dialogs","version":"2"},"event":{"count":1,"data":{"type":"show"},"id":"com.intellij.openapi.ui.messages.MessageDialog"}}
{"session":"490039480f16","build":"182.5107.16.33.5199772","bucket":"-1","time":1552570238126,"group":{"id":"lifecycle","version":"2"},"event":{"count":1,"data":{},"id":"project.closed"}}
{"session":"490039480f16","build":"182.5107.16.33.5199772","bucket":"-1","time":1552570238323,"group":{"id":"lifecycle","version":"2"},"event":{"count":1,"data":{},"id":"project.opened"}}
{"session":"490039480f16","build":"182.5107.16.33.5199772","bucket":"-1","time":1552570239085,"group":{"id":"toolwindow","version":"2"},"event":{"count":1,"data":{},"id":"Project_by_Activation"}}
{"session":"490039480f16","build":"182.5107.16.33.5199772","bucket":"-1","time":1552570239180,"group":{"id":"lifecycle","version":"2"},"event":{"count":1,"data":{"time.ms":962},"id":"project.opening.finished"}}
{"session":"490039480f16","build":"182.5107.16.33.5199772","bucket":"-1","time":1552570240456,"group":{"id":"trigger","version":"2"},"event":{"count":1,"data":{},"id":"StripeButton[Android_Profiler].hidden"}}
{"session":"490039480f16","build":"182.5107.16.33.5199772","bucket":"-1","time":1552570243646,"group":{"id":"toolwindow","version":"2"},"event":{"count":1,"data":{},"id":"Project_by_Activation"}}
{"session":"490039480f16","build":"182.5107.16.33.5199772","bucket":"-1","time":1552570244001,"group":{"id":"system.os.name","version":"2"},"event":{"data":{},"id":"Windows"}}
{"session":"490039480f16","build":"182.5107.16.33.5199772","bucket":"-1","time":1552570244002,"group":{"id":"system.os.version","version":"2"},"event":{"data":{},"id":"10.0"}}
{"session":"490039480f16","build":"182.5107.16.33.5199772","bucket":"-1","time":1552570244002,"group":{"id":"system.jvm.vendor","version":"2"},"event":{"data":{},"id":"JetBrains_s.r.o"}}
{"session":"490039480f16","build":"182.5107.16.33.5199772","bucket":"-1","time":1552570244002,"group":{"id":"system.jvm.version","version":"2"},"event":{"data":{},"id":"1.8"}}
{"session":"490039480f16","build":"182.5107.16.33.5199772","bucket":"-1","time":1552570285584,"group":{"id":"actions","version":"2"},"event":{"count":1,"data":{},"id":"OpenFile"}}
{"session":"490039480f16","build":"182.5107.16.33.5199772","bucket":"-1","time":1552570285589,"group":{"id":"ui.dialogs","version":"2"},"event":{"count":1,"data":{"type":"show"},"id":"com.intellij.openapi.fileChooser.ex.FileChooserDialogImpl"}}
{"session":"490039480f16","build":"182.5107.16.33.5199772","bucket":"-1","time":1552570295002,"group":{"id":"ui.dialogs","version":"2"},"event":{"count":1,"data":{"code":0,"type":"close"},"id":"com.intellij.openapi.fileChooser.ex.FileChooserDialogImpl"}}
{"session":"490039480f16","build":"182.5107.16.33.5199772","bucket":"-1","time":1552570295051,"group":{"id":"ui.dialogs","version":"2"},"event":{"count":1,"data":{"type":"show"},"id":"com.intellij.openapi.ui.messages.MessageDialog"}}
{"session":"490039480f16","build":"182.5107.16.33.5199772","bucket":"-1","time":1552570297301,"group":{"id":"lifecycle","version":"2"},"event":{"count":1,"data":{},"id":"project.closed"}}
{"session":"490039480f16","build":"182.5107.16.33.5199772","bucket":"-1","time":1552570297534,"group":{"id":"lifecycle","version":"2"},"event":{"count":1,"data":{},"id":"project.opened"}}
{"session":"490039480f16","build":"182.5107.16.33.5199772","bucket":"-1","time":1552570297996,"group":{"id":"toolwindow","version":"2"},"event":{"count":1,"data":{},"id":"Project_by_Activation"}}
{"session":"490039480f16","build":"182.5107.16.33.5199772","bucket":"-1","time":1552570298038,"group":{"id":"lifecycle","version":"2"},"event":{"count":1,"data":{"time.ms":651},"id":"project.opening.finished"}}
{"session":"490039480f16","build":"182.5107.16.33.5199772","bucket":"-1","time":1552570299082,"group":{"id":"trigger","version":"2"},"event":{"count":1,"data":{},"id":"StripeButton[Android_Profiler].hidden"}}
{"session":"490039480f16","build":"182.5107.16.33.5199772","bucket":"-1","time":1552570299680,"group":{"id":"toolwindow","version":"2"},"event":{"count":1,"data":{},"id":"Project_by_Activation"}}
{"session":"490039480f16","build":"182.5107.16.33.5199772","bucket":"-1","time":1552570303354,"group":{"id":"system.os.name","version":"2"},"event":{"data":{},"id":"Windows"}}
{"session":"490039480f16","build":"182.5107.16.33.5199772","bucket":"-1","time":1552570303354,"group":{"id":"system.os.version","version":"2"},"event":{"data":{},"id":"10.0"}}
{"session":"490039480f16","build":"182.5107.16.33.5199772","bucket":"-1","time":1552570303354,"group":{"id":"system.jvm.vendor","version":"2"},"event":{"data":{},"id":"JetBrains_s.r.o"}}
{"session":"490039480f16","build":"182.5107.16.33.5199772","bucket":"-1","time":1552570303354,"group":{"id":"system.jvm.version","version":"2"},"event":{"data":{},"id":"1.8"}}
{"session":"490039480f16","build":"182.5107.16.33.5199772","bucket":"-1","time":1552570339419,"group":{"id":"ui.dialogs","version":"2"},"event":{"count":1,"data":{"type":"show"},"id":"com.intellij.openapi.ui.messages.MessageDialog"}}
{"session":"490039480f16","build":"182.5107.16.33.5199772","bucket":"-1","time":1552570341403,"group":{"id":"lifecycle","version":"2"},"event":{"count":1,"data":{"restart":false},"id":"app.closed"}}
{"session":"490039480f16","build":"182.5107.16.33.5199772","bucket":"-1","time":1552570341799,"group":{"id":"lifecycle","version":"2"},"event":{"count":1,"data":{},"id":"project.closed"}}
{"session":"490039480f16","build":"182.5107.16.33.5199772","bucket":"-1","time":1552570343775,"group":{"id":"lifecycle","version":"2"},"event":{"count":1,"data":{},"id":"ideaapp.closed"}}
