{"session":"72923705b0e9","build":"182.5107.16.33.5199772","bucket":"-1","time":1552555540441,"group":{"id":"ui.dialogs","version":"2"},"event":{"count":1,"data":{"type":"show"},"id":"com.intellij.openapi.progress.util.ProgressDialog$MyDialogWrapper"}}
{"session":"72923705b0e9","build":"182.5107.16.33.5199772","bucket":"-1","time":1552555541967,"group":{"id":"ui.dialogs","version":"2"},"event":{"count":1,"data":{"code":1,"type":"close"},"id":"com.intellij.openapi.progress.util.ProgressDialog$MyDialogWrapper"}}
{"session":"72923705b0e9","build":"182.5107.16.33.5199772","bucket":"-1","time":1552555542010,"group":{"id":"lifecycle","version":"2"},"event":{"count":1,"data":{},"id":"project.opened"}}
{"session":"72923705b0e9","build":"182.5107.16.33.5199772","bucket":"-1","time":1552555543903,"group":{"id":"ui.dialogs","version":"2"},"event":{"count":1,"data":{"type":"show"},"id":"com.intellij.openapi.progress.util.ProgressDialog$MyDialogWrapper"}}
{"session":"72923705b0e9","build":"182.5107.16.33.5199772","bucket":"-1","time":1552555547389,"group":{"id":"lifecycle","version":"2"},"event":{"count":1,"data":{},"id":"ideaapp.started"}}
{"session":"72923705b0e9","build":"182.5107.16.33.5199772","bucket":"-1","time":1552555547421,"group":{"id":"lifecycle","version":"2"},"event":{"count":1,"data":{},"id":"app.started"}}
{"session":"72923705b0e9","build":"182.5107.16.33.5199772","bucket":"-1","time":1552555548066,"group":{"id":"ui.dialogs","version":"2"},"event":{"count":1,"data":{"type":"show"},"id":"com.intellij.ide.util.TipDialog"}}
{"session":"72923705b0e9","build":"182.5107.16.33.5199772","bucket":"-1","time":1552555548509,"group":{"id":"ui.dialogs","version":"2"},"event":{"count":1,"data":{"code":1,"type":"close"},"id":"com.intellij.openapi.progress.util.ProgressDialog$MyDialogWrapper"}}
{"session":"72923705b0e9","build":"182.5107.16.33.5199772","bucket":"-1","time":1552555548759,"group":{"id":"lifecycle","version":"2"},"event":{"count":1,"data":{"time.ms":8749},"id":"project.opening.finished"}}
{"session":"72923705b0e9","build":"182.5107.16.33.5199772","bucket":"-1","time":1552555549199,"group":{"id":"system.os.name","version":"2"},"event":{"data":{},"id":"Windows"}}
{"session":"72923705b0e9","build":"182.5107.16.33.5199772","bucket":"-1","time":1552555549199,"group":{"id":"system.os.version","version":"2"},"event":{"data":{},"id":"10.0"}}
{"session":"72923705b0e9","build":"182.5107.16.33.5199772","bucket":"-1","time":1552555549199,"group":{"id":"system.jvm.vendor","version":"2"},"event":{"data":{},"id":"JetBrains_s.r.o"}}
{"session":"72923705b0e9","build":"182.5107.16.33.5199772","bucket":"-1","time":1552555549200,"group":{"id":"system.jvm.version","version":"2"},"event":{"data":{},"id":"1.8"}}
{"session":"72923705b0e9","build":"182.5107.16.33.5199772","bucket":"-1","time":1552555551180,"group":{"id":"ui.dialogs","version":"2"},"event":{"count":1,"data":{"code":1,"type":"close"},"id":"com.intellij.ide.util.TipDialog"}}
{"session":"72923705b0e9","build":"182.5107.16.33.5199772","bucket":"-1","time":1552555556837,"group":{"id":"actions","version":"2"},"event":{"count":1,"data":{},"id":"OpenFile"}}
{"session":"72923705b0e9","build":"182.5107.16.33.5199772","bucket":"-1","time":1552555556889,"group":{"id":"ui.dialogs","version":"2"},"event":{"count":1,"data":{"type":"show"},"id":"com.intellij.openapi.fileChooser.ex.FileChooserDialogImpl"}}
{"session":"72923705b0e9","build":"182.5107.16.33.5199772","bucket":"-1","time":1552555564751,"group":{"id":"ui.dialogs","version":"2"},"event":{"count":1,"data":{"code":0,"type":"close"},"id":"com.intellij.openapi.fileChooser.ex.FileChooserDialogImpl"}}
{"session":"72923705b0e9","build":"182.5107.16.33.5199772","bucket":"-1","time":1552555564875,"group":{"id":"ui.dialogs","version":"2"},"event":{"count":1,"data":{"type":"show"},"id":"com.intellij.openapi.ui.messages.MessageDialog"}}
{"session":"72923705b0e9","build":"182.5107.16.33.5199772","bucket":"-1","time":1552555568433,"group":{"id":"lifecycle","version":"2"},"event":{"count":1,"data":{},"id":"project.opened"}}
{"session":"72923705b0e9","build":"182.5107.16.33.5199772","bucket":"-1","time":1552555568734,"group":{"id":"ui.dialogs","version":"2"},"event":{"count":1,"data":{"type":"show"},"id":"com.intellij.openapi.progress.util.ProgressDialog$MyDialogWrapper"}}
{"session":"72923705b0e9","build":"182.5107.16.33.5199772","bucket":"-1","time":1552555568894,"group":{"id":"ui.dialogs","version":"2"},"event":{"count":1,"data":{"code":1,"type":"close"},"id":"com.intellij.openapi.progress.util.ProgressDialog$MyDialogWrapper"}}
{"session":"72923705b0e9","build":"182.5107.16.33.5199772","bucket":"-1","time":1552555569420,"group":{"id":"toolwindow","version":"2"},"event":{"count":1,"data":{},"id":"Project_by_Activation"}}
{"session":"72923705b0e9","build":"182.5107.16.33.5199772","bucket":"-1","time":1552555571469,"group":{"id":"lifecycle","version":"2"},"event":{"count":1,"data":{"time.ms":3599},"id":"project.opening.finished"}}
{"session":"72923705b0e9","build":"182.5107.16.33.5199772","bucket":"-1","time":1552555592554,"group":{"id":"trigger","version":"2"},"event":{"count":1,"data":{},"id":"StripeButton[Android_Profiler].hidden"}}
{"session":"72923705b0e9","build":"182.5107.16.33.5199772","bucket":"-1","time":1552555595500,"group":{"id":"toolwindow","version":"2"},"event":{"count":1,"data":{},"id":"Project_by_Activation"}}
{"session":"72923705b0e9","build":"182.5107.16.33.5199772","bucket":"-1","time":1552555596354,"group":{"id":"system.os.name","version":"2"},"event":{"data":{},"id":"Windows"}}
{"session":"72923705b0e9","build":"182.5107.16.33.5199772","bucket":"-1","time":1552555596355,"group":{"id":"system.os.version","version":"2"},"event":{"data":{},"id":"10.0"}}
{"session":"72923705b0e9","build":"182.5107.16.33.5199772","bucket":"-1","time":1552555596355,"group":{"id":"system.jvm.vendor","version":"2"},"event":{"data":{},"id":"JetBrains_s.r.o"}}
{"session":"72923705b0e9","build":"182.5107.16.33.5199772","bucket":"-1","time":1552555596355,"group":{"id":"system.jvm.version","version":"2"},"event":{"data":{},"id":"1.8"}}
{"session":"72923705b0e9","build":"182.5107.16.33.5199772","bucket":"-1","time":1552555638851,"group":{"id":"toolwindow","version":"2"},"event":{"count":1,"data":{},"id":"Build_by_Activation"}}
{"session":"72923705b0e9","build":"182.5107.16.33.5199772","bucket":"-1","time":1552555664843,"group":{"id":"lifecycle","version":"2"},"event":{"count":1,"data":{},"id":"project.closed"}}
{"session":"72923705b0e9","build":"182.5107.16.33.5199772","bucket":"-1","time":1552555665376,"group":{"id":"ui.dialogs","version":"2"},"event":{"count":1,"data":{"type":"show"},"id":"com.intellij.openapi.ui.messages.MessageDialog"}}
{"session":"72923705b0e9","build":"182.5107.16.33.5199772","bucket":"-1","time":1552555667343,"group":{"id":"lifecycle","version":"2"},"event":{"count":1,"data":{"restart":false},"id":"app.closed"}}
{"session":"72923705b0e9","build":"182.5107.16.33.5199772","bucket":"-1","time":1552555667600,"group":{"id":"lifecycle","version":"2"},"event":{"count":1,"data":{},"id":"project.closed"}}
{"session":"72923705b0e9","build":"182.5107.16.33.5199772","bucket":"-1","time":1552555668407,"group":{"id":"lifecycle","version":"2"},"event":{"count":1,"data":{},"id":"ideaapp.closed"}}
