{"session":"db5c63d063b0","build":"182.5107.16.33.5199772","bucket":"-1","time":1552539212958,"group":{"id":"ui.dialogs","version":"2"},"event":{"count":1,"data":{"type":"show"},"id":"com.intellij.openapi.progress.util.ProgressDialog$MyDialogWrapper"}}
{"session":"db5c63d063b0","build":"182.5107.16.33.5199772","bucket":"-1","time":1552539213420,"group":{"id":"lifecycle","version":"2"},"event":{"count":1,"data":{"durationSeconds":7},"id":"ide.freeze"}}
{"session":"db5c63d063b0","build":"182.5107.16.33.5199772","bucket":"-1","time":1552539214172,"group":{"id":"ui.dialogs","version":"2"},"event":{"count":1,"data":{"code":1,"type":"close"},"id":"com.intellij.openapi.progress.util.ProgressDialog$MyDialogWrapper"}}
{"session":"db5c63d063b0","build":"182.5107.16.33.5199772","bucket":"-1","time":1552539214229,"group":{"id":"lifecycle","version":"2"},"event":{"count":1,"data":{},"id":"project.opened"}}
{"session":"db5c63d063b0","build":"182.5107.16.33.5199772","bucket":"-1","time":1552539215537,"group":{"id":"ui.dialogs","version":"2"},"event":{"count":1,"data":{"type":"show"},"id":"com.intellij.openapi.progress.util.ProgressDialog$MyDialogWrapper"}}
{"session":"db5c63d063b0","build":"182.5107.16.33.5199772","bucket":"-1","time":1552539218102,"group":{"id":"lifecycle","version":"2"},"event":{"count":1,"data":{},"id":"ideaapp.started"}}
{"session":"db5c63d063b0","build":"182.5107.16.33.5199772","bucket":"-1","time":1552539218102,"group":{"id":"lifecycle","version":"2"},"event":{"count":1,"data":{},"id":"app.started"}}
{"session":"db5c63d063b0","build":"182.5107.16.33.5199772","bucket":"-1","time":1552539218410,"group":{"id":"ui.dialogs","version":"2"},"event":{"count":1,"data":{"type":"show"},"id":"com.intellij.ide.util.TipDialog"}}
{"session":"db5c63d063b0","build":"182.5107.16.33.5199772","bucket":"-1","time":1552539218839,"group":{"id":"ui.dialogs","version":"2"},"event":{"count":1,"data":{"code":1,"type":"close"},"id":"com.intellij.openapi.progress.util.ProgressDialog$MyDialogWrapper"}}
{"session":"db5c63d063b0","build":"182.5107.16.33.5199772","bucket":"-1","time":1552539219179,"group":{"id":"lifecycle","version":"2"},"event":{"count":1,"data":{"time.ms":6697},"id":"project.opening.finished"}}
{"session":"db5c63d063b0","build":"182.5107.16.33.5199772","bucket":"-1","time":1552539219923,"group":{"id":"system.os.name","version":"2"},"event":{"data":{},"id":"Windows"}}
{"session":"db5c63d063b0","build":"182.5107.16.33.5199772","bucket":"-1","time":1552539219923,"group":{"id":"system.os.version","version":"2"},"event":{"data":{},"id":"10.0"}}
{"session":"db5c63d063b0","build":"182.5107.16.33.5199772","bucket":"-1","time":1552539219923,"group":{"id":"system.jvm.vendor","version":"2"},"event":{"data":{},"id":"JetBrains_s.r.o"}}
{"session":"db5c63d063b0","build":"182.5107.16.33.5199772","bucket":"-1","time":1552539219923,"group":{"id":"system.jvm.version","version":"2"},"event":{"data":{},"id":"1.8"}}
{"session":"db5c63d063b0","build":"182.5107.16.33.5199772","bucket":"-1","time":1552539243052,"group":{"id":"trigger","version":"2"},"event":{"count":18,"data":{},"id":"tips.of.the.day.next"}}
{"session":"db5c63d063b0","build":"182.5107.16.33.5199772","bucket":"-1","time":1552539261756,"group":{"id":"ui.dialogs","version":"2"},"event":{"count":1,"data":{"code":1,"type":"close"},"id":"com.intellij.ide.util.TipDialog"}}
{"session":"db5c63d063b0","build":"182.5107.16.33.5199772","bucket":"-1","time":1552539282800,"group":{"id":"actions","version":"2"},"event":{"count":1,"data":{},"id":"NewProject"}}
{"session":"db5c63d063b0","build":"182.5107.16.33.5199772","bucket":"-1","time":1552539283224,"group":{"id":"ui.dialogs","version":"2"},"event":{"count":1,"data":{"type":"show"},"id":"com.android.tools.idea.wizard.model.ModelWizardDialog"}}
{"session":"db5c63d063b0","build":"182.5107.16.33.5199772","bucket":"-1","time":1552539308060,"group":{"id":"ui.dialogs","version":"2"},"event":{"count":1,"data":{"code":1,"type":"close"},"id":"com.android.tools.idea.wizard.model.ModelWizardDialog"}}
{"session":"db5c63d063b0","build":"182.5107.16.33.5199772","bucket":"-1","time":1552539339528,"group":{"id":"actions","version":"2"},"event":{"count":1,"data":{},"id":"NewProject"}}
{"session":"db5c63d063b0","build":"182.5107.16.33.5199772","bucket":"-1","time":1552539339572,"group":{"id":"ui.dialogs","version":"2"},"event":{"count":1,"data":{"type":"show"},"id":"com.android.tools.idea.wizard.model.ModelWizardDialog"}}
{"session":"db5c63d063b0","build":"182.5107.16.33.5199772","bucket":"-1","time":1552539371579,"group":{"id":"ui.dialogs","version":"2"},"event":{"count":1,"data":{"code":1,"type":"close"},"id":"com.android.tools.idea.wizard.model.ModelWizardDialog"}}
{"session":"db5c63d063b0","build":"182.5107.16.33.5199772","bucket":"-1","time":1552539445619,"group":{"id":"ui.dialogs","version":"2"},"event":{"count":1,"data":{"type":"show"},"id":"com.intellij.refactoring.move.moveFilesOrDirectories.MoveFilesOrDirectoriesDialog"}}
{"session":"db5c63d063b0","build":"182.5107.16.33.5199772","bucket":"-1","time":1552539448808,"group":{"id":"ui.dialogs","version":"2"},"event":{"count":1,"data":{"code":1,"type":"close"},"id":"com.intellij.refactoring.move.moveFilesOrDirectories.MoveFilesOrDirectoriesDialog"}}
{"session":"db5c63d063b0","build":"182.5107.16.33.5199772","bucket":"-1","time":1552539456675,"group":{"id":"toolwindow","version":"2"},"event":{"count":1,"data":{},"id":"Project_by_Activation"}}
{"session":"db5c63d063b0","build":"182.5107.16.33.5199772","bucket":"-1","time":1552539811541,"group":{"id":"actions","version":"2"},"event":{"count":1,"data":{},"id":"NewProject"}}
{"session":"db5c63d063b0","build":"182.5107.16.33.5199772","bucket":"-1","time":1552539811580,"group":{"id":"ui.dialogs","version":"2"},"event":{"count":1,"data":{"type":"show"},"id":"com.android.tools.idea.wizard.model.ModelWizardDialog"}}
{"session":"db5c63d063b0","build":"182.5107.16.33.5199772","bucket":"-1","time":1552539855636,"group":{"id":"ui.dialogs","version":"2"},"event":{"count":1,"data":{"code":1,"type":"close"},"id":"com.android.tools.idea.wizard.model.ModelWizardDialog"}}
{"session":"db5c63d063b0","build":"182.5107.16.33.5199772","bucket":"-1","time":1552539870320,"group":{"id":"actions","version":"2"},"event":{"count":1,"data":{},"id":"NewProject"}}
{"session":"db5c63d063b0","build":"182.5107.16.33.5199772","bucket":"-1","time":1552539870367,"group":{"id":"ui.dialogs","version":"2"},"event":{"count":1,"data":{"type":"show"},"id":"com.android.tools.idea.wizard.model.ModelWizardDialog"}}
{"session":"db5c63d063b0","build":"182.5107.16.33.5199772","bucket":"-1","time":1552542270803,"group":{"id":"ui.dialogs","version":"2"},"event":{"count":1,"data":{"code":0,"type":"close"},"id":"com.android.tools.idea.wizard.model.ModelWizardDialog"}}
{"session":"db5c63d063b0","build":"182.5107.16.33.5199772","bucket":"-1","time":1552542271441,"group":{"id":"lifecycle","version":"2"},"event":{"count":1,"data":{"durationSeconds":32},"id":"ide.freeze"}}
{"session":"db5c63d063b0","build":"182.5107.16.33.5199772","bucket":"-1","time":1552542271806,"group":{"id":"lifecycle","version":"2"},"event":{"count":1,"data":{},"id":"project.opened"}}
{"session":"db5c63d063b0","build":"182.5107.16.33.5199772","bucket":"-1","time":1552542272610,"group":{"id":"ui.dialogs","version":"2"},"event":{"count":1,"data":{"type":"show"},"id":"com.intellij.openapi.progress.util.ProgressDialog$MyDialogWrapper"}}
{"session":"db5c63d063b0","build":"182.5107.16.33.5199772","bucket":"-1","time":1552542273325,"group":{"id":"toolwindow","version":"2"},"event":{"count":1,"data":{},"id":"Project_by_Activation"}}
{"session":"db5c63d063b0","build":"182.5107.16.33.5199772","bucket":"-1","time":1552542274012,"group":{"id":"ui.dialogs","version":"2"},"event":{"count":1,"data":{"code":1,"type":"close"},"id":"com.intellij.openapi.progress.util.ProgressDialog$MyDialogWrapper"}}
{"session":"db5c63d063b0","build":"182.5107.16.33.5199772","bucket":"-1","time":1552542274330,"group":{"id":"lifecycle","version":"2"},"event":{"count":1,"data":{"time.ms":34517},"id":"project.opening.finished"}}
{"session":"db5c63d063b0","build":"182.5107.16.33.5199772","bucket":"-1","time":1552542290670,"group":{"id":"actions","version":"2"},"event":{"count":1,"data":{},"id":"NewProject"}}
{"session":"db5c63d063b0","build":"182.5107.16.33.5199772","bucket":"-1","time":1552542290713,"group":{"id":"ui.dialogs","version":"2"},"event":{"count":1,"data":{"type":"show"},"id":"com.android.tools.idea.wizard.model.ModelWizardDialog"}}
{"session":"db5c63d063b0","build":"182.5107.16.33.5199772","bucket":"-1","time":1552542314276,"group":{"id":"ui.dialogs","version":"2"},"event":{"count":1,"data":{"code":0,"type":"close"},"id":"com.android.tools.idea.wizard.model.ModelWizardDialog"}}
{"session":"db5c63d063b0","build":"182.5107.16.33.5199772","bucket":"-1","time":1552542314445,"group":{"id":"lifecycle","version":"2"},"event":{"count":1,"data":{},"id":"project.opened"}}
{"session":"db5c63d063b0","build":"182.5107.16.33.5199772","bucket":"-1","time":1552542314685,"group":{"id":"ui.dialogs","version":"2"},"event":{"count":1,"data":{"type":"show"},"id":"com.intellij.openapi.progress.util.ProgressDialog$MyDialogWrapper"}}
{"session":"db5c63d063b0","build":"182.5107.16.33.5199772","bucket":"-1","time":1552542314763,"group":{"id":"ui.dialogs","version":"2"},"event":{"count":1,"data":{"code":1,"type":"close"},"id":"com.intellij.openapi.progress.util.ProgressDialog$MyDialogWrapper"}}
{"session":"db5c63d063b0","build":"182.5107.16.33.5199772","bucket":"-1","time":1552542315235,"group":{"id":"toolwindow","version":"2"},"event":{"count":1,"data":{},"id":"Project_by_Activation"}}
{"session":"db5c63d063b0","build":"182.5107.16.33.5199772","bucket":"-1","time":1552542315362,"group":{"id":"lifecycle","version":"2"},"event":{"count":1,"data":{"time.ms":3861},"id":"project.opening.finished"}}
{"session":"db5c63d063b0","build":"182.5107.16.33.5199772","bucket":"-1","time":1552542397820,"group":{"id":"lifecycle","version":"2"},"event":{"count":1,"data":{},"id":"project.closed"}}
{"session":"db5c63d063b0","build":"182.5107.16.33.5199772","bucket":"-1","time":1552542419924,"group":{"id":"lifecycle","version":"2"},"event":{"count":1,"data":{},"id":"project.closed"}}
{"session":"db5c63d063b0","build":"182.5107.16.33.5199772","bucket":"-1","time":1552542421942,"group":{"id":"toolwindow","version":"2"},"event":{"count":1,"data":{},"id":"Build_by_Activation"}}
{"session":"db5c63d063b0","build":"182.5107.16.33.5199772","bucket":"-1","time":1552542430365,"group":{"id":"actions","version":"2"},"event":{"count":1,"data":{},"id":"NewProject"}}
{"session":"db5c63d063b0","build":"182.5107.16.33.5199772","bucket":"-1","time":1552542430398,"group":{"id":"ui.dialogs","version":"2"},"event":{"count":1,"data":{"type":"show"},"id":"com.android.tools.idea.wizard.model.ModelWizardDialog"}}
{"session":"db5c63d063b0","build":"182.5107.16.33.5199772","bucket":"-1","time":1552542475683,"group":{"id":"ui.dialogs","version":"2"},"event":{"count":1,"data":{"code":0,"type":"close"},"id":"com.android.tools.idea.wizard.model.ModelWizardDialog"}}
{"session":"db5c63d063b0","build":"182.5107.16.33.5199772","bucket":"-1","time":1552542475832,"group":{"id":"lifecycle","version":"2"},"event":{"count":1,"data":{},"id":"project.opened"}}
{"session":"db5c63d063b0","build":"182.5107.16.33.5199772","bucket":"-1","time":1552542476452,"group":{"id":"toolwindow","version":"2"},"event":{"count":1,"data":{},"id":"Project_by_Activation"}}
{"session":"db5c63d063b0","build":"182.5107.16.33.5199772","bucket":"-1","time":1552542476565,"group":{"id":"lifecycle","version":"2"},"event":{"count":1,"data":{"time.ms":3584},"id":"project.opening.finished"}}
{"session":"db5c63d063b0","build":"182.5107.16.33.5199772","bucket":"-1","time":1552542558133,"group":{"id":"lifecycle","version":"2"},"event":{"count":1,"data":{},"id":"project.closed"}}
{"session":"db5c63d063b0","build":"182.5107.16.33.5199772","bucket":"-1","time":1552542701898,"group":{"id":"toolwindow","version":"2"},"event":{"count":1,"data":{},"id":"Build_by_Activation"}}
{"session":"db5c63d063b0","build":"182.5107.16.33.5199772","bucket":"-1","time":1552542727140,"group":{"id":"actions","version":"2"},"event":{"count":1,"data":{},"id":"NewProject"}}
{"session":"db5c63d063b0","build":"182.5107.16.33.5199772","bucket":"-1","time":1552542727169,"group":{"id":"ui.dialogs","version":"2"},"event":{"count":1,"data":{"type":"show"},"id":"com.android.tools.idea.wizard.model.ModelWizardDialog"}}
{"session":"db5c63d063b0","build":"182.5107.16.33.5199772","bucket":"-1","time":1552542737181,"group":{"id":"actions","version":"2"},"event":{"count":1,"data":{},"id":"EditorBackSpace"}}
{"session":"db5c63d063b0","build":"182.5107.16.33.5199772","bucket":"-1","time":1552542744395,"group":{"id":"ui.dialogs","version":"2"},"event":{"count":1,"data":{"code":0,"type":"close"},"id":"com.android.tools.idea.wizard.model.ModelWizardDialog"}}
{"session":"db5c63d063b0","build":"182.5107.16.33.5199772","bucket":"-1","time":1552542744533,"group":{"id":"lifecycle","version":"2"},"event":{"count":1,"data":{},"id":"project.opened"}}
{"session":"db5c63d063b0","build":"182.5107.16.33.5199772","bucket":"-1","time":1552542745172,"group":{"id":"toolwindow","version":"2"},"event":{"count":1,"data":{},"id":"Project_by_Activation"}}
{"session":"db5c63d063b0","build":"182.5107.16.33.5199772","bucket":"-1","time":1552542745258,"group":{"id":"lifecycle","version":"2"},"event":{"count":1,"data":{"time.ms":3869},"id":"project.opening.finished"}}
{"session":"db5c63d063b0","build":"182.5107.16.33.5199772","bucket":"-1","time":1552542758149,"group":{"id":"lifecycle","version":"2"},"event":{"count":1,"data":{},"id":"project.closed"}}
{"session":"db5c63d063b0","build":"182.5107.16.33.5199772","bucket":"-1","time":1552542759402,"group":{"id":"toolwindow","version":"2"},"event":{"count":1,"data":{},"id":"Build_by_Activation"}}
{"session":"db5c63d063b0","build":"182.5107.16.33.5199772","bucket":"-1","time":1552543032974,"group":{"id":"toolwindow","version":"2"},"event":{"count":1,"data":{},"id":"Project_by_Activation"}}
{"session":"db5c63d063b0","build":"182.5107.16.33.5199772","bucket":"-1","time":1552543109260,"group":{"id":"actions","version":"2"},"event":{"count":1,"data":{},"id":"EditorBackSpace"}}
{"session":"db5c63d063b0","build":"182.5107.16.33.5199772","bucket":"-1","time":1552543114726,"group":{"id":"actions","version":"2"},"event":{"count":1,"data":{},"id":"CodeCompletion"}}
{"session":"db5c63d063b0","build":"182.5107.16.33.5199772","bucket":"-1","time":1552543114729,"group":{"id":"completion","version":"2"},"event":{"count":1,"data":{},"id":"editing.completion.basic"}}
{"session":"db5c63d063b0","build":"182.5107.16.33.5199772","bucket":"-1","time":1552543115803,"group":{"id":"actions","version":"2"},"event":{"count":1,"data":{},"id":"CodeCompletion"}}
{"session":"db5c63d063b0","build":"182.5107.16.33.5199772","bucket":"-1","time":1552543115803,"group":{"id":"completion","version":"2"},"event":{"count":1,"data":{},"id":"editing.completion.basic"}}
{"session":"db5c63d063b0","build":"182.5107.16.33.5199772","bucket":"-1","time":1552543116017,"group":{"id":"actions","version":"2"},"event":{"count":1,"data":{},"id":"CodeCompletion"}}
{"session":"db5c63d063b0","build":"182.5107.16.33.5199772","bucket":"-1","time":1552543116017,"group":{"id":"completion","version":"2"},"event":{"count":1,"data":{},"id":"editing.completion.basic"}}
{"session":"db5c63d063b0","build":"182.5107.16.33.5199772","bucket":"-1","time":1552543117803,"group":{"id":"toolwindow","version":"2"},"event":{"count":1,"data":{},"id":"Build_Variants_by_Activation"}}
{"session":"db5c63d063b0","build":"182.5107.16.33.5199772","bucket":"-1","time":1552543160682,"group":{"id":"actions","version":"2"},"event":{"count":4,"data":{},"id":"EditorBackSpace"}}
{"session":"db5c63d063b0","build":"182.5107.16.33.5199772","bucket":"-1","time":1552543162211,"group":{"id":"actions","version":"2"},"event":{"count":1,"data":{},"id":"EditorEnter"}}
{"session":"db5c63d063b0","build":"182.5107.16.33.5199772","bucket":"-1","time":1552543243960,"group":{"id":"actions","version":"2"},"event":{"count":1,"data":{},"id":"EditorBackSpace"}}
{"session":"db5c63d063b0","build":"182.5107.16.33.5199772","bucket":"-1","time":1552543252052,"group":{"id":"actions","version":"2"},"event":{"count":1,"data":{},"id":"NewProject"}}
{"session":"db5c63d063b0","build":"182.5107.16.33.5199772","bucket":"-1","time":1552543252105,"group":{"id":"ui.dialogs","version":"2"},"event":{"count":1,"data":{"type":"show"},"id":"com.android.tools.idea.wizard.model.ModelWizardDialog"}}
{"session":"db5c63d063b0","build":"182.5107.16.33.5199772","bucket":"-1","time":1552543263029,"group":{"id":"ui.dialogs","version":"2"},"event":{"count":1,"data":{"code":0,"type":"close"},"id":"com.android.tools.idea.wizard.model.ModelWizardDialog"}}
{"session":"db5c63d063b0","build":"182.5107.16.33.5199772","bucket":"-1","time":1552543263147,"group":{"id":"lifecycle","version":"2"},"event":{"count":1,"data":{},"id":"project.opened"}}
{"session":"db5c63d063b0","build":"182.5107.16.33.5199772","bucket":"-1","time":1552543263830,"group":{"id":"toolwindow","version":"2"},"event":{"count":1,"data":{},"id":"Project_by_Activation"}}
{"session":"db5c63d063b0","build":"182.5107.16.33.5199772","bucket":"-1","time":1552543263931,"group":{"id":"lifecycle","version":"2"},"event":{"count":1,"data":{"time.ms":3431},"id":"project.opening.finished"}}
{"session":"db5c63d063b0","build":"182.5107.16.33.5199772","bucket":"-1","time":1552543329374,"group":{"id":"toolwindow","version":"2"},"event":{"count":2,"data":{},"id":"Build_by_Activation"}}
{"session":"db5c63d063b0","build":"182.5107.16.33.5199772","bucket":"-1","time":1552543330950,"group":{"id":"system.os.name","version":"2"},"event":{"data":{},"id":"Windows"}}
{"session":"db5c63d063b0","build":"182.5107.16.33.5199772","bucket":"-1","time":1552543330951,"group":{"id":"system.os.version","version":"2"},"event":{"data":{},"id":"10.0"}}
{"session":"db5c63d063b0","build":"182.5107.16.33.5199772","bucket":"-1","time":1552543330963,"group":{"id":"system.jvm.vendor","version":"2"},"event":{"data":{},"id":"JetBrains_s.r.o"}}
{"session":"db5c63d063b0","build":"182.5107.16.33.5199772","bucket":"-1","time":1552543330968,"group":{"id":"system.jvm.version","version":"2"},"event":{"data":{},"id":"1.8"}}
{"session":"db5c63d063b0","build":"182.5107.16.33.5199772","bucket":"-1","time":1552543331161,"group":{"id":"system.os.name","version":"2"},"event":{"data":{},"id":"Windows"}}
{"session":"db5c63d063b0","build":"182.5107.16.33.5199772","bucket":"-1","time":1552543331161,"group":{"id":"system.os.version","version":"2"},"event":{"data":{},"id":"10.0"}}
{"session":"db5c63d063b0","build":"182.5107.16.33.5199772","bucket":"-1","time":1552543331161,"group":{"id":"system.jvm.vendor","version":"2"},"event":{"data":{},"id":"JetBrains_s.r.o"}}
{"session":"db5c63d063b0","build":"182.5107.16.33.5199772","bucket":"-1","time":1552543331161,"group":{"id":"system.jvm.version","version":"2"},"event":{"data":{},"id":"1.8"}}
{"session":"db5c63d063b0","build":"182.5107.16.33.5199772","bucket":"-1","time":1552543341934,"group":{"id":"toolwindow","version":"2"},"event":{"count":1,"data":{},"id":"Build_by_Activation"}}
{"session":"db5c63d063b0","build":"182.5107.16.33.5199772","bucket":"-1","time":1552543397556,"group":{"id":"actions","version":"2"},"event":{"count":1,"data":{},"id":"Android.SyncProject"}}
{"session":"db5c63d063b0","build":"182.5107.16.33.5199772","bucket":"-1","time":1552543406750,"group":{"id":"actions","version":"2"},"event":{"count":1,"data":{},"id":"ShowSettings"}}
{"session":"db5c63d063b0","build":"182.5107.16.33.5199772","bucket":"-1","time":1552543409115,"group":{"id":"ui.dialogs","version":"2"},"event":{"count":1,"data":{"type":"show"},"id":"com.intellij.openapi.options.newEditor.SettingsDialog"}}
{"session":"db5c63d063b0","build":"182.5107.16.33.5199772","bucket":"-1","time":1552543409507,"group":{"id":"ui.settings","version":"2"},"event":{"count":1,"data":{"type":"select"},"id":"ide.settings.Android_SDK"}}
{"session":"db5c63d063b0","build":"182.5107.16.33.5199772","bucket":"-1","time":1552543431127,"group":{"id":"ui.settings","version":"2"},"event":{"count":1,"data":{"type":"select"},"id":"ide.settings.Gradle"}}
{"session":"db5c63d063b0","build":"182.5107.16.33.5199772","bucket":"-1","time":1552543437591,"group":{"id":"ui.settings","version":"2"},"event":{"count":1,"data":{"type":"apply"},"id":"ide.settings.Gradle"}}
{"session":"db5c63d063b0","build":"182.5107.16.33.5199772","bucket":"-1","time":1552543437591,"group":{"id":"trigger","version":"2"},"event":{"count":1,"data":{},"id":"ide.settings.Gradle"}}
{"session":"db5c63d063b0","build":"182.5107.16.33.5199772","bucket":"-1","time":1552543439845,"group":{"id":"ui.dialogs","version":"2"},"event":{"count":1,"data":{"code":0,"type":"close"},"id":"com.intellij.openapi.options.newEditor.SettingsDialog"}}
{"session":"db5c63d063b0","build":"182.5107.16.33.5199772","bucket":"-1","time":1552543828414,"group":{"id":"trigger","version":"2"},"event":{"count":1,"data":{},"id":"StripeButton[Android_Profiler].hidden"}}
{"session":"db5c63d063b0","build":"182.5107.16.33.5199772","bucket":"-1","time":1552543828999,"group":{"id":"toolwindow","version":"2"},"event":{"count":1,"data":{},"id":"Project_by_Activation"}}
{"session":"db5c63d063b0","build":"182.5107.16.33.5199772","bucket":"-1","time":1552543851163,"group":{"id":"toolwindow","version":"2"},"event":{"count":1,"data":{},"id":"Build_by_Activation"}}
{"session":"db5c63d063b0","build":"182.5107.16.33.5199772","bucket":"-1","time":1552543852086,"group":{"id":"lifecycle","version":"2"},"event":{"count":1,"data":{"durationSeconds":17},"id":"ide.freeze"}}
{"session":"db5c63d063b0","build":"182.5107.16.33.5199772","bucket":"-1","time":1552543988042,"group":{"id":"lifecycle","version":"2"},"event":{"count":1,"data":{"durationSeconds":9},"id":"ide.freeze"}}
{"session":"db5c63d063b0","build":"182.5107.16.33.5199772","bucket":"-1","time":1552543994005,"group":{"id":"ui.dialogs","version":"2"},"event":{"count":1,"data":{"type":"show"},"id":"com.android.tools.idea.wizard.model.ModelWizardDialog"}}
{"session":"db5c63d063b0","build":"182.5107.16.33.5199772","bucket":"-1","time":1552544128018,"group":{"id":"ui.dialogs","version":"2"},"event":{"count":1,"data":{"code":0,"type":"close"},"id":"com.android.tools.idea.wizard.model.ModelWizardDialog"}}
{"session":"db5c63d063b0","build":"182.5107.16.33.5199772","bucket":"-1","time":1552544140525,"group":{"id":"toolwindow","version":"2"},"event":{"count":1,"data":{},"id":"Preview_by_Activation"}}
{"session":"db5c63d063b0","build":"182.5107.16.33.5199772","bucket":"-1","time":1552544145656,"group":{"id":"actions","version":"2"},"event":{"count":1,"data":{},"id":"EditorBackSpace"}}
{"session":"db5c63d063b0","build":"182.5107.16.33.5199772","bucket":"-1","time":1552544147144,"group":{"id":"actions","version":"2"},"event":{"count":2,"data":{},"id":"EditorDelete"}}
{"session":"db5c63d063b0","build":"182.5107.16.33.5199772","bucket":"-1","time":1552544150734,"group":{"id":"actions","version":"2"},"event":{"count":1,"data":{},"id":"EditorChooseLookupItem"}}
{"session":"db5c63d063b0","build":"182.5107.16.33.5199772","bucket":"-1","time":1552544150767,"group":{"id":"completion","version":"2"},"event":{"count":1,"data":{},"id":"editing.completion.basic"}}
{"session":"db5c63d063b0","build":"182.5107.16.33.5199772","bucket":"-1","time":1552544153426,"group":{"id":"actions","version":"2"},"event":{"count":1,"data":{},"id":"EditorChooseLookupItem"}}
{"session":"db5c63d063b0","build":"182.5107.16.33.5199772","bucket":"-1","time":1552544154843,"group":{"id":"actions","version":"2"},"event":{"count":1,"data":{},"id":"EditorDown"}}
{"session":"db5c63d063b0","build":"182.5107.16.33.5199772","bucket":"-1","time":1552544155121,"group":{"id":"actions","version":"2"},"event":{"count":1,"data":{},"id":"EditorChooseLookupItem"}}
{"session":"db5c63d063b0","build":"182.5107.16.33.5199772","bucket":"-1","time":1552544160798,"group":{"id":"actions","version":"2"},"event":{"count":1,"data":{},"id":"EditorEnter"}}
{"session":"db5c63d063b0","build":"182.5107.16.33.5199772","bucket":"-1","time":1552544162938,"group":{"id":"actions","version":"2"},"event":{"count":1,"data":{},"id":"EditorLeft"}}
{"session":"db5c63d063b0","build":"182.5107.16.33.5199772","bucket":"-1","time":1552544164518,"group":{"id":"actions","version":"2"},"event":{"count":1,"data":{},"id":"EditorRight"}}
{"session":"db5c63d063b0","build":"182.5107.16.33.5199772","bucket":"-1","time":1552544165704,"group":{"id":"actions","version":"2"},"event":{"count":1,"data":{},"id":"EditorChooseLookupItem"}}
{"session":"db5c63d063b0","build":"182.5107.16.33.5199772","bucket":"-1","time":1552544165716,"group":{"id":"completion","version":"2"},"event":{"count":1,"data":{},"id":"editing.completion.basic"}}
{"session":"db5c63d063b0","build":"182.5107.16.33.5199772","bucket":"-1","time":1552544167745,"group":{"id":"actions","version":"2"},"event":{"count":1,"data":{},"id":"EditorChooseLookupItem"}}
{"session":"db5c63d063b0","build":"182.5107.16.33.5199772","bucket":"-1","time":1552544167753,"group":{"id":"completion","version":"2"},"event":{"count":1,"data":{},"id":"editing.completion.basic"}}
{"session":"db5c63d063b0","build":"182.5107.16.33.5199772","bucket":"-1","time":1552544168424,"group":{"id":"actions","version":"2"},"event":{"count":1,"data":{},"id":"EditorChooseLookupItem"}}
{"session":"db5c63d063b0","build":"182.5107.16.33.5199772","bucket":"-1","time":1552544168434,"group":{"id":"completion","version":"2"},"event":{"count":1,"data":{},"id":"editing.completion.basic"}}
{"session":"db5c63d063b0","build":"182.5107.16.33.5199772","bucket":"-1","time":1552544173660,"group":{"id":"actions","version":"2"},"event":{"count":1,"data":{},"id":"EditorRight"}}
{"session":"db5c63d063b0","build":"182.5107.16.33.5199772","bucket":"-1","time":1552544175058,"group":{"id":"actions","version":"2"},"event":{"count":2,"data":{},"id":"EditorDown"}}
{"session":"db5c63d063b0","build":"182.5107.16.33.5199772","bucket":"-1","time":1552544175852,"group":{"id":"actions","version":"2"},"event":{"count":15,"data":{},"id":"EditorRight"}}
{"session":"db5c63d063b0","build":"182.5107.16.33.5199772","bucket":"-1","time":1552544190025,"group":{"id":"actions","version":"2"},"event":{"count":1,"data":{},"id":"EditorEnter"}}
{"session":"db5c63d063b0","build":"182.5107.16.33.5199772","bucket":"-1","time":1552544192399,"group":{"id":"actions","version":"2"},"event":{"count":1,"data":{},"id":"EditorChooseLookupItem"}}
{"session":"db5c63d063b0","build":"182.5107.16.33.5199772","bucket":"-1","time":1552544192411,"group":{"id":"completion","version":"2"},"event":{"count":1,"data":{},"id":"editing.completion.basic"}}
{"session":"db5c63d063b0","build":"182.5107.16.33.5199772","bucket":"-1","time":1552544194008,"group":{"id":"actions","version":"2"},"event":{"count":1,"data":{},"id":"EditorChooseLookupItem"}}
{"session":"db5c63d063b0","build":"182.5107.16.33.5199772","bucket":"-1","time":1552544194018,"group":{"id":"completion","version":"2"},"event":{"count":1,"data":{},"id":"editing.completion.basic"}}
{"session":"db5c63d063b0","build":"182.5107.16.33.5199772","bucket":"-1","time":1552544196988,"group":{"id":"actions","version":"2"},"event":{"count":1,"data":{},"id":"EditorChooseLookupItem"}}
{"session":"db5c63d063b0","build":"182.5107.16.33.5199772","bucket":"-1","time":1552544196998,"group":{"id":"completion","version":"2"},"event":{"count":1,"data":{},"id":"editing.completion.basic"}}
{"session":"db5c63d063b0","build":"182.5107.16.33.5199772","bucket":"-1","time":1552544198307,"group":{"id":"actions","version":"2"},"event":{"count":1,"data":{},"id":"EditorDown"}}
{"session":"db5c63d063b0","build":"182.5107.16.33.5199772","bucket":"-1","time":1552544205254,"group":{"id":"actions","version":"2"},"event":{"count":1,"data":{},"id":"EditorEnter"}}
{"session":"db5c63d063b0","build":"182.5107.16.33.5199772","bucket":"-1","time":1552544207034,"group":{"id":"actions","version":"2"},"event":{"count":1,"data":{},"id":"EditorChooseLookupItem"}}
{"session":"db5c63d063b0","build":"182.5107.16.33.5199772","bucket":"-1","time":1552544207045,"group":{"id":"completion","version":"2"},"event":{"count":1,"data":{},"id":"editing.completion.basic"}}
{"session":"db5c63d063b0","build":"182.5107.16.33.5199772","bucket":"-1","time":1552544208835,"group":{"id":"actions","version":"2"},"event":{"count":1,"data":{},"id":"EditorChooseLookupItem"}}
{"session":"db5c63d063b0","build":"182.5107.16.33.5199772","bucket":"-1","time":1552544208845,"group":{"id":"completion","version":"2"},"event":{"count":1,"data":{},"id":"editing.completion.basic"}}
{"session":"db5c63d063b0","build":"182.5107.16.33.5199772","bucket":"-1","time":1552544210045,"group":{"id":"actions","version":"2"},"event":{"count":1,"data":{},"id":"EditorDown"}}
{"session":"db5c63d063b0","build":"182.5107.16.33.5199772","bucket":"-1","time":1552544210736,"group":{"id":"actions","version":"2"},"event":{"count":1,"data":{},"id":"EditorChooseLookupItem"}}
{"session":"db5c63d063b0","build":"182.5107.16.33.5199772","bucket":"-1","time":1552544210745,"group":{"id":"completion","version":"2"},"event":{"count":1,"data":{},"id":"editing.completion.basic"}}
{"session":"db5c63d063b0","build":"182.5107.16.33.5199772","bucket":"-1","time":1552544212702,"group":{"id":"actions","version":"2"},"event":{"count":3,"data":{},"id":"EditorDown"}}
{"session":"db5c63d063b0","build":"182.5107.16.33.5199772","bucket":"-1","time":1552544229010,"group":{"id":"actions","version":"2"},"event":{"count":1,"data":{},"id":"EditorCopy"}}
{"session":"db5c63d063b0","build":"182.5107.16.33.5199772","bucket":"-1","time":1552544230271,"group":{"id":"actions","version":"2"},"event":{"count":1,"data":{},"id":"EditorCut"}}
{"session":"db5c63d063b0","build":"182.5107.16.33.5199772","bucket":"-1","time":1552544232755,"group":{"id":"actions","version":"2"},"event":{"count":2,"data":{},"id":"EditorEnter"}}
{"session":"db5c63d063b0","build":"182.5107.16.33.5199772","bucket":"-1","time":1552544234759,"group":{"id":"actions","version":"2"},"event":{"count":1,"data":{},"id":"EditorUp"}}
{"session":"db5c63d063b0","build":"182.5107.16.33.5199772","bucket":"-1","time":1552544235216,"group":{"id":"actions","version":"2"},"event":{"count":1,"data":{},"id":"EditorPaste"}}
{"session":"db5c63d063b0","build":"182.5107.16.33.5199772","bucket":"-1","time":1552544245362,"group":{"id":"actions","version":"2"},"event":{"count":1,"data":{},"id":"EditorCopy"}}
{"session":"db5c63d063b0","build":"182.5107.16.33.5199772","bucket":"-1","time":1552544245718,"group":{"id":"actions","version":"2"},"event":{"count":1,"data":{},"id":"EditorCut"}}
{"session":"db5c63d063b0","build":"182.5107.16.33.5199772","bucket":"-1","time":1552544246875,"group":{"id":"actions","version":"2"},"event":{"count":1,"data":{},"id":"EditorBackSpace"}}
{"session":"db5c63d063b0","build":"182.5107.16.33.5199772","bucket":"-1","time":1552544249275,"group":{"id":"actions","version":"2"},"event":{"count":1,"data":{},"id":"EditorEnter"}}
{"session":"db5c63d063b0","build":"182.5107.16.33.5199772","bucket":"-1","time":1552544249713,"group":{"id":"actions","version":"2"},"event":{"count":1,"data":{},"id":"EditorPaste"}}
{"session":"db5c63d063b0","build":"182.5107.16.33.5199772","bucket":"-1","time":1552544259580,"group":{"id":"actions","version":"2"},"event":{"count":43,"data":{},"id":"EditorBackSpace"}}
{"session":"db5c63d063b0","build":"182.5107.16.33.5199772","bucket":"-1","time":1552544264460,"group":{"id":"lifecycle","version":"2"},"event":{"count":1,"data":{"mappingFailed":false,"oom":false},"id":"ide.error"}}
{"session":"db5c63d063b0","build":"182.5107.16.33.5199772","bucket":"-1","time":1552544266069,"group":{"id":"actions","version":"2"},"event":{"count":4,"data":{},"id":"EditorBackSpace"}}
{"session":"db5c63d063b0","build":"182.5107.16.33.5199772","bucket":"-1","time":1552544268457,"group":{"id":"actions","version":"2"},"event":{"count":1,"data":{},"id":"EditorChooseLookupItem"}}
{"session":"db5c63d063b0","build":"182.5107.16.33.5199772","bucket":"-1","time":1552544268474,"group":{"id":"completion","version":"2"},"event":{"count":1,"data":{},"id":"editing.completion.basic"}}
{"session":"db5c63d063b0","build":"182.5107.16.33.5199772","bucket":"-1","time":1552544270030,"group":{"id":"actions","version":"2"},"event":{"count":2,"data":{},"id":"EditorEnter"}}
{"session":"db5c63d063b0","build":"182.5107.16.33.5199772","bucket":"-1","time":1552544277082,"group":{"id":"actions","version":"2"},"event":{"count":1,"data":{},"id":"EditorChooseLookupItem"}}
{"session":"db5c63d063b0","build":"182.5107.16.33.5199772","bucket":"-1","time":1552544277091,"group":{"id":"completion","version":"2"},"event":{"count":1,"data":{},"id":"editing.completion.basic"}}
{"session":"db5c63d063b0","build":"182.5107.16.33.5199772","bucket":"-1","time":1552544279011,"group":{"id":"actions","version":"2"},"event":{"count":1,"data":{},"id":"EditorChooseLookupItem"}}
{"session":"db5c63d063b0","build":"182.5107.16.33.5199772","bucket":"-1","time":1552544279018,"group":{"id":"completion","version":"2"},"event":{"count":1,"data":{},"id":"editing.completion.basic"}}
{"session":"db5c63d063b0","build":"182.5107.16.33.5199772","bucket":"-1","time":1552544286160,"group":{"id":"actions","version":"2"},"event":{"count":1,"data":{},"id":"EditorCopy"}}
{"session":"db5c63d063b0","build":"182.5107.16.33.5199772","bucket":"-1","time":1552544287550,"group":{"id":"actions","version":"2"},"event":{"count":1,"data":{},"id":"EditorEnter"}}
{"session":"db5c63d063b0","build":"182.5107.16.33.5199772","bucket":"-1","time":1552544288693,"group":{"id":"actions","version":"2"},"event":{"count":1,"data":{},"id":"EditorPaste"}}
{"session":"db5c63d063b0","build":"182.5107.16.33.5199772","bucket":"-1","time":1552544289110,"group":{"id":"actions","version":"2"},"event":{"count":1,"data":{},"id":"EditorEnter"}}
{"session":"db5c63d063b0","build":"182.5107.16.33.5199772","bucket":"-1","time":1552544289953,"group":{"id":"actions","version":"2"},"event":{"count":1,"data":{},"id":"EditorPaste"}}
{"session":"db5c63d063b0","build":"182.5107.16.33.5199772","bucket":"-1","time":1552544290236,"group":{"id":"actions","version":"2"},"event":{"count":1,"data":{},"id":"EditorEnter"}}
{"session":"db5c63d063b0","build":"182.5107.16.33.5199772","bucket":"-1","time":1552544291053,"group":{"id":"actions","version":"2"},"event":{"count":1,"data":{},"id":"EditorPaste"}}
{"session":"db5c63d063b0","build":"182.5107.16.33.5199772","bucket":"-1","time":1552544294180,"group":{"id":"actions","version":"2"},"event":{"count":1,"data":{},"id":"EditorUp"}}
{"session":"db5c63d063b0","build":"182.5107.16.33.5199772","bucket":"-1","time":1552544295066,"group":{"id":"actions","version":"2"},"event":{"count":1,"data":{},"id":"EditorBackSpace"}}
{"session":"db5c63d063b0","build":"182.5107.16.33.5199772","bucket":"-1","time":1552544295926,"group":{"id":"actions","version":"2"},"event":{"count":1,"data":{},"id":"EditorDown"}}
{"session":"db5c63d063b0","build":"182.5107.16.33.5199772","bucket":"-1","time":1552544298898,"group":{"id":"actions","version":"2"},"event":{"count":8,"data":{},"id":"EditorBackSpace"}}
{"session":"db5c63d063b0","build":"182.5107.16.33.5199772","bucket":"-1","time":1552544315403,"group":{"id":"actions","version":"2"},"event":{"count":4,"data":{},"id":"EditorBackSpace"}}
{"session":"db5c63d063b0","build":"182.5107.16.33.5199772","bucket":"-1","time":1552544319361,"group":{"id":"actions","version":"2"},"event":{"count":2,"data":{},"id":"EditorLeft"}}
{"session":"db5c63d063b0","build":"182.5107.16.33.5199772","bucket":"-1","time":1552544320310,"group":{"id":"actions","version":"2"},"event":{"count":1,"data":{},"id":"EditorBackSpace"}}
{"session":"db5c63d063b0","build":"182.5107.16.33.5199772","bucket":"-1","time":1552544321756,"group":{"id":"actions","version":"2"},"event":{"count":1,"data":{},"id":"EditorDown"}}
{"session":"db5c63d063b0","build":"182.5107.16.33.5199772","bucket":"-1","time":1552544324922,"group":{"id":"actions","version":"2"},"event":{"count":4,"data":{},"id":"EditorBackSpace"}}
{"session":"db5c63d063b0","build":"182.5107.16.33.5199772","bucket":"-1","time":1552544330683,"group":{"id":"actions","version":"2"},"event":{"count":3,"data":{},"id":"EditorLeft"}}
{"session":"db5c63d063b0","build":"182.5107.16.33.5199772","bucket":"-1","time":1552544331570,"group":{"id":"actions","version":"2"},"event":{"count":1,"data":{},"id":"EditorToggleInsertState"}}
{"session":"db5c63d063b0","build":"182.5107.16.33.5199772","bucket":"-1","time":1552544332582,"group":{"id":"actions","version":"2"},"event":{"count":1,"data":{},"id":"EditorBackSpace"}}
{"session":"db5c63d063b0","build":"182.5107.16.33.5199772","bucket":"-1","time":1552544334922,"group":{"id":"actions","version":"2"},"event":{"count":5,"data":{},"id":"EditorCopy"}}
{"session":"db5c63d063b0","build":"182.5107.16.33.5199772","bucket":"-1","time":1552544344250,"group":{"id":"actions","version":"2"},"event":{"count":1,"data":{},"id":"EditorToggleInsertState"}}
{"session":"db5c63d063b0","build":"182.5107.16.33.5199772","bucket":"-1","time":1552544349377,"group":{"id":"actions","version":"2"},"event":{"count":1,"data":{},"id":"EditorRight"}}
{"session":"db5c63d063b0","build":"182.5107.16.33.5199772","bucket":"-1","time":1552544350278,"group":{"id":"actions","version":"2"},"event":{"count":6,"data":{},"id":"EditorBackSpace"}}
{"session":"db5c63d063b0","build":"182.5107.16.33.5199772","bucket":"-1","time":1552544366714,"group":{"id":"editing","version":"2"},"event":{"count":1,"data":{},"id":"editing.select.word"}}
{"session":"db5c63d063b0","build":"182.5107.16.33.5199772","bucket":"-1","time":1552544367232,"group":{"id":"toolwindow","version":"2"},"event":{"count":1,"data":{},"id":"Preview_by_Activation"}}
{"session":"db5c63d063b0","build":"182.5107.16.33.5199772","bucket":"-1","time":1552544383314,"group":{"id":"toolwindow","version":"2"},"event":{"count":1,"data":{},"id":"Preview_by_Activation"}}
{"session":"db5c63d063b0","build":"182.5107.16.33.5199772","bucket":"-1","time":1552544580440,"group":{"id":"toolwindow","version":"2"},"event":{"count":1,"data":{},"id":"Preview_by_Activation"}}
{"session":"db5c63d063b0","build":"182.5107.16.33.5199772","bucket":"-1","time":1552544597222,"group":{"id":"toolwindow","version":"2"},"event":{"count":1,"data":{},"id":"Preview_by_Activation"}}
{"session":"db5c63d063b0","build":"182.5107.16.33.5199772","bucket":"-1","time":1552544601053,"group":{"id":"actions","version":"2"},"event":{"count":1,"data":{},"id":"Run"}}
{"session":"db5c63d063b0","build":"182.5107.16.33.5199772","bucket":"-1","time":1552544601305,"group":{"id":"trigger","version":"2"},"event":{"count":1,"data":{},"id":"execute.AndroidRunConfigurationType.Run"}}
{"session":"db5c63d063b0","build":"182.5107.16.33.5199772","bucket":"-1","time":1552544601504,"group":{"id":"ui.dialogs","version":"2"},"event":{"count":1,"data":{"type":"show"},"id":"com.android.tools.idea.run.editor.DeployTargetPickerDialog"}}
{"session":"db5c63d063b0","build":"182.5107.16.33.5199772","bucket":"-1","time":1552544610284,"group":{"id":"ui.dialogs","version":"2"},"event":{"count":1,"data":{"code":1,"type":"close"},"id":"com.android.tools.idea.run.editor.DeployTargetPickerDialog"}}
{"session":"db5c63d063b0","build":"182.5107.16.33.5199772","bucket":"-1","time":1552544613526,"group":{"id":"toolwindow","version":"2"},"event":{"count":2,"data":{},"id":"Preview_by_Activation"}}
{"session":"db5c63d063b0","build":"182.5107.16.33.5199772","bucket":"-1","time":1552544616196,"group":{"id":"actions","version":"2"},"event":{"count":1,"data":{},"id":"Android.RunAndroidAvdManager"}}
{"session":"db5c63d063b0","build":"182.5107.16.33.5199772","bucket":"-1","time":1552544628021,"group":{"id":"ui.dialogs","version":"2"},"event":{"count":1,"data":{"type":"show"},"id":"com.android.tools.idea.wizard.model.ModelWizardDialog"}}
{"session":"db5c63d063b0","build":"182.5107.16.33.5199772","bucket":"-1","time":1552544629102,"group":{"id":"lifecycle","version":"2"},"event":{"count":1,"data":{"durationSeconds":8},"id":"ide.freeze"}}
{"session":"db5c63d063b0","build":"182.5107.16.33.5199772","bucket":"-1","time":1552544641452,"group":{"id":"ui.dialogs","version":"2"},"event":{"count":1,"data":{"type":"show"},"id":"com.android.tools.idea.wizard.model.ModelWizardDialog"}}
{"session":"db5c63d063b0","build":"182.5107.16.33.5199772","bucket":"-1","time":1552544840368,"group":{"id":"ui.dialogs","version":"2"},"event":{"count":1,"data":{"code":0,"type":"close"},"id":"com.android.tools.idea.wizard.model.ModelWizardDialog"}}
{"session":"db5c63d063b0","build":"182.5107.16.33.5199772","bucket":"-1","time":1552544971635,"group":{"id":"ui.dialogs","version":"2"},"event":{"count":1,"data":{"code":1,"type":"close"},"id":"com.android.tools.idea.wizard.model.ModelWizardDialog"}}
{"session":"db5c63d063b0","build":"182.5107.16.33.5199772","bucket":"-1","time":1552544973941,"group":{"id":"ui.dialogs","version":"2"},"event":{"count":1,"data":{"type":"show"},"id":"com.android.tools.idea.wizard.model.ModelWizardDialog"}}
{"session":"db5c63d063b0","build":"182.5107.16.33.5199772","bucket":"-1","time":1552545004026,"group":{"id":"ui.dialogs","version":"2"},"event":{"count":1,"data":{"type":"show"},"id":"com.android.tools.idea.wizard.model.ModelWizardDialog"}}
{"session":"db5c63d063b0","build":"182.5107.16.33.5199772","bucket":"-1","time":1552545243200,"group":{"id":"ui.dialogs","version":"2"},"event":{"count":2,"data":{"code":1,"type":"close"},"id":"com.android.tools.idea.wizard.model.ModelWizardDialog"}}
{"session":"db5c63d063b0","build":"182.5107.16.33.5199772","bucket":"-1","time":1552545271736,"group":{"id":"actions","version":"2"},"event":{"count":1,"data":{},"id":"NewProject"}}
{"session":"db5c63d063b0","build":"182.5107.16.33.5199772","bucket":"-1","time":1552545271775,"group":{"id":"ui.dialogs","version":"2"},"event":{"count":1,"data":{"type":"show"},"id":"com.android.tools.idea.wizard.model.ModelWizardDialog"}}
{"session":"db5c63d063b0","build":"182.5107.16.33.5199772","bucket":"-1","time":1552545279347,"group":{"id":"actions","version":"2"},"event":{"count":20,"data":{},"id":"EditorBackSpace"}}
{"session":"db5c63d063b0","build":"182.5107.16.33.5199772","bucket":"-1","time":1552545290956,"group":{"id":"ui.dialogs","version":"2"},"event":{"count":1,"data":{"code":0,"type":"close"},"id":"com.android.tools.idea.wizard.model.ModelWizardDialog"}}
{"session":"db5c63d063b0","build":"182.5107.16.33.5199772","bucket":"-1","time":1552545291209,"group":{"id":"lifecycle","version":"2"},"event":{"count":1,"data":{},"id":"project.opened"}}
{"session":"db5c63d063b0","build":"182.5107.16.33.5199772","bucket":"-1","time":1552545294759,"group":{"id":"toolwindow","version":"2"},"event":{"count":1,"data":{},"id":"Project_by_Activation"}}
{"session":"db5c63d063b0","build":"182.5107.16.33.5199772","bucket":"-1","time":1552545295033,"group":{"id":"lifecycle","version":"2"},"event":{"count":1,"data":{"time.ms":7299},"id":"project.opening.finished"}}
{"session":"db5c63d063b0","build":"182.5107.16.33.5199772","bucket":"-1","time":1552545298616,"group":{"id":"trigger","version":"2"},"event":{"count":1,"data":{},"id":"StripeButton[Android_Profiler].hidden"}}
{"session":"db5c63d063b0","build":"182.5107.16.33.5199772","bucket":"-1","time":1552545304250,"group":{"id":"system.os.name","version":"2"},"event":{"data":{},"id":"Windows"}}
{"session":"db5c63d063b0","build":"182.5107.16.33.5199772","bucket":"-1","time":1552545304250,"group":{"id":"system.os.version","version":"2"},"event":{"data":{},"id":"10.0"}}
{"session":"db5c63d063b0","build":"182.5107.16.33.5199772","bucket":"-1","time":1552545304250,"group":{"id":"system.jvm.vendor","version":"2"},"event":{"data":{},"id":"JetBrains_s.r.o"}}
{"session":"db5c63d063b0","build":"182.5107.16.33.5199772","bucket":"-1","time":1552545304250,"group":{"id":"system.jvm.version","version":"2"},"event":{"data":{},"id":"1.8"}}
{"session":"db5c63d063b0","build":"182.5107.16.33.5199772","bucket":"-1","time":1552545360734,"group":{"id":"toolwindow","version":"2"},"event":{"count":1,"data":{},"id":"Preview_by_Activation"}}
{"session":"db5c63d063b0","build":"182.5107.16.33.5199772","bucket":"-1","time":1552545378397,"group":{"id":"actions","version":"2"},"event":{"count":2,"data":{},"id":"EditorBackSpace"}}
{"session":"db5c63d063b0","build":"182.5107.16.33.5199772","bucket":"-1","time":1552545396812,"group":{"id":"actions","version":"2"},"event":{"count":1,"data":{},"id":"EditorEnter"}}
{"session":"db5c63d063b0","build":"182.5107.16.33.5199772","bucket":"-1","time":1552545402131,"group":{"id":"actions","version":"2"},"event":{"count":1,"data":{},"id":"EditorChooseLookupItem"}}
{"session":"db5c63d063b0","build":"182.5107.16.33.5199772","bucket":"-1","time":1552545402142,"group":{"id":"completion","version":"2"},"event":{"count":1,"data":{},"id":"editing.completion.basic"}}
{"session":"db5c63d063b0","build":"182.5107.16.33.5199772","bucket":"-1","time":1552545405367,"group":{"id":"actions","version":"2"},"event":{"count":2,"data":{},"id":"EditorChooseLookupItem"}}
{"session":"db5c63d063b0","build":"182.5107.16.33.5199772","bucket":"-1","time":1552545420588,"group":{"id":"actions","version":"2"},"event":{"count":1,"data":{},"id":"EditorEnter"}}
{"session":"db5c63d063b0","build":"182.5107.16.33.5199772","bucket":"-1","time":1552545426486,"group":{"id":"actions","version":"2"},"event":{"count":1,"data":{},"id":"EditorBackSpace"}}
{"session":"db5c63d063b0","build":"182.5107.16.33.5199772","bucket":"-1","time":1552545430431,"group":{"id":"actions","version":"2"},"event":{"count":1,"data":{},"id":"EditorEnter"}}
{"session":"db5c63d063b0","build":"182.5107.16.33.5199772","bucket":"-1","time":1552545444629,"group":{"id":"actions","version":"2"},"event":{"count":1,"data":{},"id":"EditorEnter"}}
{"session":"db5c63d063b0","build":"182.5107.16.33.5199772","bucket":"-1","time":1552545473928,"group":{"id":"actions","version":"2"},"event":{"count":4,"data":{},"id":"EditorBackSpace"}}
{"session":"db5c63d063b0","build":"182.5107.16.33.5199772","bucket":"-1","time":1552545485618,"group":{"id":"actions","version":"2"},"event":{"count":9,"data":{},"id":"EditorBackSpace"}}
{"session":"db5c63d063b0","build":"182.5107.16.33.5199772","bucket":"-1","time":1552545494912,"group":{"id":"actions","version":"2"},"event":{"count":42,"data":{},"id":"EditorDown"}}
{"session":"db5c63d063b0","build":"182.5107.16.33.5199772","bucket":"-1","time":1552545521177,"group":{"id":"actions","version":"2"},"event":{"count":1,"data":{},"id":"EditorUp"}}
{"session":"db5c63d063b0","build":"182.5107.16.33.5199772","bucket":"-1","time":1552545522328,"group":{"id":"actions","version":"2"},"event":{"count":1,"data":{},"id":"EditorChooseLookupItem"}}
{"session":"db5c63d063b0","build":"182.5107.16.33.5199772","bucket":"-1","time":1552545522350,"group":{"id":"completion","version":"2"},"event":{"count":1,"data":{},"id":"editing.completion.basic"}}
{"session":"db5c63d063b0","build":"182.5107.16.33.5199772","bucket":"-1","time":1552545533139,"group":{"id":"actions","version":"2"},"event":{"count":1,"data":{},"id":"EditorBackSpace"}}
{"session":"db5c63d063b0","build":"182.5107.16.33.5199772","bucket":"-1","time":1552545545984,"group":{"id":"actions","version":"2"},"event":{"count":2,"data":{},"id":"EditorBackSpace"}}
{"session":"db5c63d063b0","build":"182.5107.16.33.5199772","bucket":"-1","time":1552545547980,"group":{"id":"actions","version":"2"},"event":{"count":2,"data":{},"id":"EditorChooseLookupItem"}}
{"session":"db5c63d063b0","build":"182.5107.16.33.5199772","bucket":"-1","time":1552545551281,"group":{"id":"actions","version":"2"},"event":{"count":2,"data":{},"id":"EditorUp"}}
{"session":"db5c63d063b0","build":"182.5107.16.33.5199772","bucket":"-1","time":1552545552356,"group":{"id":"actions","version":"2"},"event":{"count":1,"data":{},"id":"EditorEnter"}}
{"session":"db5c63d063b0","build":"182.5107.16.33.5199772","bucket":"-1","time":1552545553700,"group":{"id":"actions","version":"2"},"event":{"count":1,"data":{},"id":"EditorChooseLookupItem"}}
{"session":"db5c63d063b0","build":"182.5107.16.33.5199772","bucket":"-1","time":1552545553710,"group":{"id":"completion","version":"2"},"event":{"count":1,"data":{},"id":"editing.completion.basic"}}
{"session":"db5c63d063b0","build":"182.5107.16.33.5199772","bucket":"-1","time":1552545553856,"group":{"id":"actions","version":"2"},"event":{"count":1,"data":{},"id":"EditorChooseLookupItem"}}
{"session":"db5c63d063b0","build":"182.5107.16.33.5199772","bucket":"-1","time":1552545553865,"group":{"id":"completion","version":"2"},"event":{"count":1,"data":{},"id":"editing.completion.basic"}}
{"session":"db5c63d063b0","build":"182.5107.16.33.5199772","bucket":"-1","time":1552545621092,"group":{"id":"actions","version":"2"},"event":{"count":1,"data":{},"id":"EditorEnter"}}
{"session":"db5c63d063b0","build":"182.5107.16.33.5199772","bucket":"-1","time":1552545625004,"group":{"id":"actions","version":"2"},"event":{"count":1,"data":{},"id":"EditorBackSpace"}}
{"session":"db5c63d063b0","build":"182.5107.16.33.5199772","bucket":"-1","time":1552545626905,"group":{"id":"actions","version":"2"},"event":{"count":3,"data":{},"id":"EditorDown"}}
{"session":"db5c63d063b0","build":"182.5107.16.33.5199772","bucket":"-1","time":1552545636667,"group":{"id":"toolwindow","version":"2"},"event":{"count":1,"data":{},"id":"Project_by_Activation"}}
{"session":"db5c63d063b0","build":"182.5107.16.33.5199772","bucket":"-1","time":1552545639154,"group":{"id":"actions","version":"2"},"event":{"count":1,"data":{},"id":"EditorEnter"}}
{"session":"db5c63d063b0","build":"182.5107.16.33.5199772","bucket":"-1","time":1552545646354,"group":{"id":"actions","version":"2"},"event":{"count":4,"data":{},"id":"EditorBackSpace"}}
{"session":"db5c63d063b0","build":"182.5107.16.33.5199772","bucket":"-1","time":1552545649772,"group":{"id":"actions","version":"2"},"event":{"count":1,"data":{},"id":"EditorDown"}}
{"session":"db5c63d063b0","build":"182.5107.16.33.5199772","bucket":"-1","time":1552545650664,"group":{"id":"actions","version":"2"},"event":{"count":1,"data":{},"id":"EditorChooseLookupItem"}}
{"session":"db5c63d063b0","build":"182.5107.16.33.5199772","bucket":"-1","time":1552545650672,"group":{"id":"completion","version":"2"},"event":{"count":1,"data":{},"id":"editing.completion.basic"}}
{"session":"db5c63d063b0","build":"182.5107.16.33.5199772","bucket":"-1","time":1552545653759,"group":{"id":"actions","version":"2"},"event":{"count":1,"data":{},"id":"EditorEnter"}}
{"session":"db5c63d063b0","build":"182.5107.16.33.5199772","bucket":"-1","time":1552545660742,"group":{"id":"actions","version":"2"},"event":{"count":2,"data":{},"id":"EditorUp"}}
{"session":"db5c63d063b0","build":"182.5107.16.33.5199772","bucket":"-1","time":1552545666949,"group":{"id":"actions","version":"2"},"event":{"count":47,"data":{},"id":"EditorRight"}}
{"session":"db5c63d063b0","build":"182.5107.16.33.5199772","bucket":"-1","time":1552545671624,"group":{"id":"actions","version":"2"},"event":{"count":1,"data":{},"id":"EditorEnter"}}
{"session":"db5c63d063b0","build":"182.5107.16.33.5199772","bucket":"-1","time":1552545673056,"group":{"id":"actions","version":"2"},"event":{"count":2,"data":{},"id":"EditorUp"}}
{"session":"db5c63d063b0","build":"182.5107.16.33.5199772","bucket":"-1","time":1552545675071,"group":{"id":"actions","version":"2"},"event":{"count":47,"data":{},"id":"EditorRight"}}
{"session":"db5c63d063b0","build":"182.5107.16.33.5199772","bucket":"-1","time":1552545679396,"group":{"id":"actions","version":"2"},"event":{"count":1,"data":{},"id":"EditorEnter"}}
{"session":"db5c63d063b0","build":"182.5107.16.33.5199772","bucket":"-1","time":1552545704544,"group":{"id":"actions","version":"2"},"event":{"count":2,"data":{},"id":"EditorBackSpace"}}
{"session":"db5c63d063b0","build":"182.5107.16.33.5199772","bucket":"-1","time":1552545736840,"group":{"id":"actions","version":"2"},"event":{"count":1,"data":{},"id":"EditorChooseLookupItem"}}
{"session":"db5c63d063b0","build":"182.5107.16.33.5199772","bucket":"-1","time":1552545736849,"group":{"id":"completion","version":"2"},"event":{"count":1,"data":{},"id":"editing.completion.basic"}}
{"session":"db5c63d063b0","build":"182.5107.16.33.5199772","bucket":"-1","time":1552545740284,"group":{"id":"actions","version":"2"},"event":{"count":1,"data":{},"id":"EditorRight"}}
{"session":"db5c63d063b0","build":"182.5107.16.33.5199772","bucket":"-1","time":1552545748348,"group":{"id":"actions","version":"2"},"event":{"count":15,"data":{},"id":"EditorBackSpace"}}
{"session":"db5c63d063b0","build":"182.5107.16.33.5199772","bucket":"-1","time":1552545772665,"group":{"id":"actions","version":"2"},"event":{"count":1,"data":{},"id":"EditorEnter"}}
{"session":"db5c63d063b0","build":"182.5107.16.33.5199772","bucket":"-1","time":1552545786180,"group":{"id":"actions","version":"2"},"event":{"count":8,"data":{},"id":"EditorBackSpace"}}
{"session":"db5c63d063b0","build":"182.5107.16.33.5199772","bucket":"-1","time":1552545798949,"group":{"id":"actions","version":"2"},"event":{"count":1,"data":{},"id":"EditorRight"}}
{"session":"db5c63d063b0","build":"182.5107.16.33.5199772","bucket":"-1","time":1552545831437,"group":{"id":"actions","version":"2"},"event":{"count":1,"data":{},"id":"EditorBackSpace"}}
{"session":"db5c63d063b0","build":"182.5107.16.33.5199772","bucket":"-1","time":1552545850145,"group":{"id":"actions","version":"2"},"event":{"count":7,"data":{},"id":"EditorBackSpace"}}
{"session":"db5c63d063b0","build":"182.5107.16.33.5199772","bucket":"-1","time":1552545866344,"group":{"id":"actions","version":"2"},"event":{"count":1,"data":{},"id":"EditorChooseLookupItem"}}
{"session":"db5c63d063b0","build":"182.5107.16.33.5199772","bucket":"-1","time":1552545866354,"group":{"id":"completion","version":"2"},"event":{"count":1,"data":{},"id":"editing.completion.basic"}}
{"session":"db5c63d063b0","build":"182.5107.16.33.5199772","bucket":"-1","time":1552545869011,"group":{"id":"actions","version":"2"},"event":{"count":1,"data":{},"id":"EditorRight"}}
{"session":"db5c63d063b0","build":"182.5107.16.33.5199772","bucket":"-1","time":1552545872432,"group":{"id":"actions","version":"2"},"event":{"count":1,"data":{},"id":"EditorEnter"}}
{"session":"db5c63d063b0","build":"182.5107.16.33.5199772","bucket":"-1","time":1552545883779,"group":{"id":"actions","version":"2"},"event":{"count":17,"data":{},"id":"EditorUp"}}
{"session":"db5c63d063b0","build":"182.5107.16.33.5199772","bucket":"-1","time":1552545892186,"group":{"id":"actions","version":"2"},"event":{"count":6,"data":{},"id":"EditorDown"}}
{"session":"db5c63d063b0","build":"182.5107.16.33.5199772","bucket":"-1","time":1552545894751,"group":{"id":"actions","version":"2"},"event":{"count":10,"data":{},"id":"EditorRight"}}
{"session":"db5c63d063b0","build":"182.5107.16.33.5199772","bucket":"-1","time":1552545914056,"group":{"id":"actions","version":"2"},"event":{"count":1,"data":{},"id":"EditorEnter"}}
{"session":"db5c63d063b0","build":"182.5107.16.33.5199772","bucket":"-1","time":1552545935776,"group":{"id":"actions","version":"2"},"event":{"count":6,"data":{},"id":"EditorDown"}}
{"session":"db5c63d063b0","build":"182.5107.16.33.5199772","bucket":"-1","time":1552545941724,"group":{"id":"actions","version":"2"},"event":{"count":42,"data":{},"id":"EditorRight"}}
{"session":"db5c63d063b0","build":"182.5107.16.33.5199772","bucket":"-1","time":1552545946529,"group":{"id":"actions","version":"2"},"event":{"count":1,"data":{},"id":"EditorEnter"}}
{"session":"db5c63d063b0","build":"182.5107.16.33.5199772","bucket":"-1","time":1552545974744,"group":{"id":"actions","version":"2"},"event":{"count":1,"data":{},"id":"EditorChooseLookupItem"}}
{"session":"db5c63d063b0","build":"182.5107.16.33.5199772","bucket":"-1","time":1552545974754,"group":{"id":"completion","version":"2"},"event":{"count":1,"data":{},"id":"editing.completion.basic"}}
{"session":"db5c63d063b0","build":"182.5107.16.33.5199772","bucket":"-1","time":1552545988329,"group":{"id":"actions","version":"2"},"event":{"count":1,"data":{},"id":"EditorUp"}}
{"session":"db5c63d063b0","build":"182.5107.16.33.5199772","bucket":"-1","time":1552545989211,"group":{"id":"actions","version":"2"},"event":{"count":3,"data":{},"id":"EditorDown"}}
{"session":"db5c63d063b0","build":"182.5107.16.33.5199772","bucket":"-1","time":1552545991233,"group":{"id":"actions","version":"2"},"event":{"count":4,"data":{},"id":"EditorRight"}}
{"session":"db5c63d063b0","build":"182.5107.16.33.5199772","bucket":"-1","time":1552545992768,"group":{"id":"actions","version":"2"},"event":{"count":1,"data":{},"id":"EditorEnter"}}
{"session":"db5c63d063b0","build":"182.5107.16.33.5199772","bucket":"-1","time":1552545994763,"group":{"id":"actions","version":"2"},"event":{"count":7,"data":{},"id":"EditorDown"}}
{"session":"db5c63d063b0","build":"182.5107.16.33.5199772","bucket":"-1","time":1552545996875,"group":{"id":"actions","version":"2"},"event":{"count":13,"data":{},"id":"EditorRight"}}
{"session":"db5c63d063b0","build":"182.5107.16.33.5199772","bucket":"-1","time":1552546015330,"group":{"id":"actions","version":"2"},"event":{"count":12,"data":{},"id":"EditorUp"}}
{"session":"db5c63d063b0","build":"182.5107.16.33.5199772","bucket":"-1","time":1552546017293,"group":{"id":"actions","version":"2"},"event":{"count":3,"data":{},"id":"EditorDown"}}
{"session":"db5c63d063b0","build":"182.5107.16.33.5199772","bucket":"-1","time":1552546019458,"group":{"id":"actions","version":"2"},"event":{"count":13,"data":{},"id":"EditorLeft"}}
{"session":"db5c63d063b0","build":"182.5107.16.33.5199772","bucket":"-1","time":1552546025244,"group":{"id":"actions","version":"2"},"event":{"count":1,"data":{},"id":"EditorBackSpace"}}
{"session":"db5c63d063b0","build":"182.5107.16.33.5199772","bucket":"-1","time":1552546026705,"group":{"id":"actions","version":"2"},"event":{"count":1,"data":{},"id":"EditorDown"}}
{"session":"db5c63d063b0","build":"182.5107.16.33.5199772","bucket":"-1","time":1552546028240,"group":{"id":"actions","version":"2"},"event":{"count":4,"data":{},"id":"EditorLeft"}}
{"session":"db5c63d063b0","build":"182.5107.16.33.5199772","bucket":"-1","time":1552546033782,"group":{"id":"actions","version":"2"},"event":{"count":2,"data":{},"id":"EditorDown"}}
{"session":"db5c63d063b0","build":"182.5107.16.33.5199772","bucket":"-1","time":1552546061868,"group":{"id":"actions","version":"2"},"event":{"count":1,"data":{},"id":"EditorUp"}}
{"session":"db5c63d063b0","build":"182.5107.16.33.5199772","bucket":"-1","time":1552546081963,"group":{"id":"actions","version":"2"},"event":{"count":5,"data":{},"id":"EditorUp"}}
{"session":"db5c63d063b0","build":"182.5107.16.33.5199772","bucket":"-1","time":1552546120767,"group":{"id":"toolwindow","version":"2"},"event":{"count":1,"data":{},"id":"Preview_by_Activation"}}
{"session":"db5c63d063b0","build":"182.5107.16.33.5199772","bucket":"-1","time":1552546135371,"group":{"id":"toolwindow","version":"2"},"event":{"count":1,"data":{},"id":"Project_by_Activation"}}
{"session":"db5c63d063b0","build":"182.5107.16.33.5199772","bucket":"-1","time":1552546172953,"group":{"id":"actions","version":"2"},"event":{"count":6,"data":{},"id":"EditorBackSpace"}}
{"session":"db5c63d063b0","build":"182.5107.16.33.5199772","bucket":"-1","time":1552546219306,"group":{"id":"actions","version":"2"},"event":{"count":2,"data":{},"id":"EditorBackSpace"}}
{"session":"db5c63d063b0","build":"182.5107.16.33.5199772","bucket":"-1","time":1552546244964,"group":{"id":"actions","version":"2"},"event":{"count":1,"data":{},"id":"EditorRight"}}
{"session":"db5c63d063b0","build":"182.5107.16.33.5199772","bucket":"-1","time":1552546245922,"group":{"id":"actions","version":"2"},"event":{"count":1,"data":{},"id":"EditorBackSpace"}}
{"session":"db5c63d063b0","build":"182.5107.16.33.5199772","bucket":"-1","time":1552546289955,"group":{"id":"actions","version":"2"},"event":{"count":2,"data":{},"id":"EditorBackSpace"}}
{"session":"db5c63d063b0","build":"182.5107.16.33.5199772","bucket":"-1","time":1552546294171,"group":{"id":"actions","version":"2"},"event":{"count":1,"data":{},"id":"EditorEnter"}}
{"session":"db5c63d063b0","build":"182.5107.16.33.5199772","bucket":"-1","time":1552546296630,"group":{"id":"actions","version":"2"},"event":{"count":1,"data":{},"id":"EditorBackSpace"}}
{"session":"db5c63d063b0","build":"182.5107.16.33.5199772","bucket":"-1","time":1552546322207,"group":{"id":"actions","version":"2"},"event":{"count":2,"data":{},"id":"EditorLeft"}}
{"session":"db5c63d063b0","build":"182.5107.16.33.5199772","bucket":"-1","time":1552546323327,"group":{"id":"actions","version":"2"},"event":{"count":22,"data":{},"id":"EditorRight"}}
{"session":"db5c63d063b0","build":"182.5107.16.33.5199772","bucket":"-1","time":1552546327266,"group":{"id":"actions","version":"2"},"event":{"count":19,"data":{},"id":"EditorLeft"}}
{"session":"db5c63d063b0","build":"182.5107.16.33.5199772","bucket":"-1","time":1552546332561,"group":{"id":"actions","version":"2"},"event":{"count":1,"data":{},"id":"EditorBackSpace"}}
{"session":"db5c63d063b0","build":"182.5107.16.33.5199772","bucket":"-1","time":1552546334652,"group":{"id":"actions","version":"2"},"event":{"count":1,"data":{},"id":"EditorEnter"}}
{"session":"db5c63d063b0","build":"182.5107.16.33.5199772","bucket":"-1","time":1552546345445,"group":{"id":"actions","version":"2"},"event":{"count":1,"data":{},"id":"EditorBackSpace"}}
{"session":"db5c63d063b0","build":"182.5107.16.33.5199772","bucket":"-1","time":1552546355839,"group":{"id":"actions","version":"2"},"event":{"count":1,"data":{},"id":"EditorBackSpace"}}
{"session":"db5c63d063b0","build":"182.5107.16.33.5199772","bucket":"-1","time":1552546357658,"group":{"id":"actions","version":"2"},"event":{"count":1,"data":{},"id":"EditorChooseLookupItem"}}
{"session":"db5c63d063b0","build":"182.5107.16.33.5199772","bucket":"-1","time":1552546357668,"group":{"id":"completion","version":"2"},"event":{"count":1,"data":{},"id":"editing.completion.basic"}}
{"session":"db5c63d063b0","build":"182.5107.16.33.5199772","bucket":"-1","time":1552546363275,"group":{"id":"actions","version":"2"},"event":{"count":14,"data":{},"id":"EditorBackSpace"}}
{"session":"db5c63d063b0","build":"182.5107.16.33.5199772","bucket":"-1","time":1552546368586,"group":{"id":"actions","version":"2"},"event":{"count":1,"data":{},"id":"EditorChooseLookupItem"}}
{"session":"db5c63d063b0","build":"182.5107.16.33.5199772","bucket":"-1","time":1552546368597,"group":{"id":"completion","version":"2"},"event":{"count":1,"data":{},"id":"editing.completion.basic"}}
{"session":"db5c63d063b0","build":"182.5107.16.33.5199772","bucket":"-1","time":1552546378549,"group":{"id":"actions","version":"2"},"event":{"count":1,"data":{},"id":"EditorChooseLookupItem"}}
{"session":"db5c63d063b0","build":"182.5107.16.33.5199772","bucket":"-1","time":1552546378560,"group":{"id":"completion","version":"2"},"event":{"count":1,"data":{},"id":"editing.completion.basic"}}
{"session":"db5c63d063b0","build":"182.5107.16.33.5199772","bucket":"-1","time":1552546383423,"group":{"id":"actions","version":"2"},"event":{"count":1,"data":{},"id":"EditorUp"}}
{"session":"db5c63d063b0","build":"182.5107.16.33.5199772","bucket":"-1","time":1552546384652,"group":{"id":"actions","version":"2"},"event":{"count":30,"data":{},"id":"EditorRight"}}
{"session":"db5c63d063b0","build":"182.5107.16.33.5199772","bucket":"-1","time":1552546388778,"group":{"id":"actions","version":"2"},"event":{"count":56,"data":{},"id":"EditorBackSpace"}}
{"session":"db5c63d063b0","build":"182.5107.16.33.5199772","bucket":"-1","time":1552546404322,"group":{"id":"actions","version":"2"},"event":{"count":2,"data":{},"id":"EditorBackSpace"}}
{"session":"db5c63d063b0","build":"182.5107.16.33.5199772","bucket":"-1","time":1552546410473,"group":{"id":"actions","version":"2"},"event":{"count":1,"data":{},"id":"EditorChooseLookupItem"}}
{"session":"db5c63d063b0","build":"182.5107.16.33.5199772","bucket":"-1","time":1552546410482,"group":{"id":"completion","version":"2"},"event":{"count":1,"data":{},"id":"editing.completion.basic"}}
{"session":"db5c63d063b0","build":"182.5107.16.33.5199772","bucket":"-1","time":1552546412554,"group":{"id":"actions","version":"2"},"event":{"count":19,"data":{},"id":"EditorBackSpace"}}
{"session":"db5c63d063b0","build":"182.5107.16.33.5199772","bucket":"-1","time":1552546428472,"group":{"id":"actions","version":"2"},"event":{"count":4,"data":{},"id":"EditorDown"}}
{"session":"db5c63d063b0","build":"182.5107.16.33.5199772","bucket":"-1","time":1552546429673,"group":{"id":"actions","version":"2"},"event":{"count":1,"data":{},"id":"EditorChooseLookupItem"}}
{"session":"db5c63d063b0","build":"182.5107.16.33.5199772","bucket":"-1","time":1552546429682,"group":{"id":"completion","version":"2"},"event":{"count":1,"data":{},"id":"editing.completion.basic"}}
{"session":"db5c63d063b0","build":"182.5107.16.33.5199772","bucket":"-1","time":1552546437531,"group":{"id":"actions","version":"2"},"event":{"count":1,"data":{},"id":"EditorRight"}}
{"session":"db5c63d063b0","build":"182.5107.16.33.5199772","bucket":"-1","time":1552546459813,"group":{"id":"actions","version":"2"},"event":{"count":1,"data":{},"id":"EditorChooseLookupItem"}}
{"session":"db5c63d063b0","build":"182.5107.16.33.5199772","bucket":"-1","time":1552546459824,"group":{"id":"completion","version":"2"},"event":{"count":1,"data":{},"id":"editing.completion.basic"}}
{"session":"db5c63d063b0","build":"182.5107.16.33.5199772","bucket":"-1","time":1552546461313,"group":{"id":"actions","version":"2"},"event":{"count":1,"data":{},"id":"EditorRight"}}
{"session":"db5c63d063b0","build":"182.5107.16.33.5199772","bucket":"-1","time":1552546465935,"group":{"id":"actions","version":"2"},"event":{"count":1,"data":{},"id":"EditorEnter"}}
{"session":"db5c63d063b0","build":"182.5107.16.33.5199772","bucket":"-1","time":1552546468288,"group":{"id":"actions","version":"2"},"event":{"count":1,"data":{},"id":"EditorBackSpace"}}
{"session":"db5c63d063b0","build":"182.5107.16.33.5199772","bucket":"-1","time":1552546470426,"group":{"id":"actions","version":"2"},"event":{"count":1,"data":{},"id":"EditorDown"}}
{"session":"db5c63d063b0","build":"182.5107.16.33.5199772","bucket":"-1","time":1552546482738,"group":{"id":"actions","version":"2"},"event":{"count":17,"data":{},"id":"EditorDown"}}
{"session":"db5c63d063b0","build":"182.5107.16.33.5199772","bucket":"-1","time":1552546484755,"group":{"id":"actions","version":"2"},"event":{"count":1,"data":{},"id":"SearchEverywhere"}}
{"session":"db5c63d063b0","build":"182.5107.16.33.5199772","bucket":"-1","time":1552546488276,"group":{"id":"actions","version":"2"},"event":{"count":7,"data":{},"id":"EditorUp"}}
{"session":"db5c63d063b0","build":"182.5107.16.33.5199772","bucket":"-1","time":1552546495153,"group":{"id":"actions","version":"2"},"event":{"count":2,"data":{},"id":"EditorDown"}}
{"session":"db5c63d063b0","build":"182.5107.16.33.5199772","bucket":"-1","time":1552546497028,"group":{"id":"actions","version":"2"},"event":{"count":1,"data":{},"id":"EditorRight"}}
{"session":"db5c63d063b0","build":"182.5107.16.33.5199772","bucket":"-1","time":1552546498061,"group":{"id":"actions","version":"2"},"event":{"count":1,"data":{},"id":"EditorUp"}}
{"session":"db5c63d063b0","build":"182.5107.16.33.5199772","bucket":"-1","time":1552546498591,"group":{"id":"actions","version":"2"},"event":{"count":34,"data":{},"id":"EditorRight"}}
{"session":"db5c63d063b0","build":"182.5107.16.33.5199772","bucket":"-1","time":1552546502608,"group":{"id":"actions","version":"2"},"event":{"count":27,"data":{},"id":"EditorBackSpace"}}
{"session":"db5c63d063b0","build":"182.5107.16.33.5199772","bucket":"-1","time":1552546506260,"group":{"id":"actions","version":"2"},"event":{"count":1,"data":{},"id":"EditorEnter"}}
{"session":"db5c63d063b0","build":"182.5107.16.33.5199772","bucket":"-1","time":1552546526507,"group":{"id":"actions","version":"2"},"event":{"count":1,"data":{},"id":"EditorChooseLookupItem"}}
{"session":"db5c63d063b0","build":"182.5107.16.33.5199772","bucket":"-1","time":1552546526517,"group":{"id":"completion","version":"2"},"event":{"count":1,"data":{},"id":"editing.completion.basic"}}
{"session":"db5c63d063b0","build":"182.5107.16.33.5199772","bucket":"-1","time":1552546727365,"group":{"id":"toolwindow","version":"2"},"event":{"count":1,"data":{},"id":"Build_by_Activation"}}
{"session":"db5c63d063b0","build":"182.5107.16.33.5199772","bucket":"-1","time":1552546734678,"group":{"id":"actions","version":"2"},"event":{"count":3,"data":{},"id":"EditorLeft"}}
{"session":"db5c63d063b0","build":"182.5107.16.33.5199772","bucket":"-1","time":1552546736137,"group":{"id":"actions","version":"2"},"event":{"count":1,"data":{},"id":"EditorRight"}}
{"session":"db5c63d063b0","build":"182.5107.16.33.5199772","bucket":"-1","time":1552546793736,"group":{"id":"actions","version":"2"},"event":{"count":2,"data":{},"id":"EditorDown"}}
{"session":"db5c63d063b0","build":"182.5107.16.33.5199772","bucket":"-1","time":1552546934122,"group":{"id":"actions","version":"2"},"event":{"count":2,"data":{},"id":"EditorUp"}}
{"session":"db5c63d063b0","build":"182.5107.16.33.5199772","bucket":"-1","time":1552546946030,"group":{"id":"actions","version":"2"},"event":{"count":1,"data":{},"id":"EditorChooseLookupItem"}}
{"session":"db5c63d063b0","build":"182.5107.16.33.5199772","bucket":"-1","time":1552546946042,"group":{"id":"completion","version":"2"},"event":{"count":1,"data":{},"id":"editing.completion.basic"}}
{"session":"db5c63d063b0","build":"182.5107.16.33.5199772","bucket":"-1","time":1552546952324,"group":{"id":"actions","version":"2"},"event":{"count":1,"data":{},"id":"EditorBackSpace"}}
{"session":"db5c63d063b0","build":"182.5107.16.33.5199772","bucket":"-1","time":1552546960545,"group":{"id":"actions","version":"2"},"event":{"count":1,"data":{},"id":"EditorRight"}}
{"session":"db5c63d063b0","build":"182.5107.16.33.5199772","bucket":"-1","time":1552546988283,"group":{"id":"actions","version":"2"},"event":{"count":2,"data":{},"id":"EditorBackSpace"}}
{"session":"db5c63d063b0","build":"182.5107.16.33.5199772","bucket":"-1","time":1552546990552,"group":{"id":"actions","version":"2"},"event":{"count":13,"data":{},"id":"EditorRight"}}
{"session":"db5c63d063b0","build":"182.5107.16.33.5199772","bucket":"-1","time":1552546993402,"group":{"id":"actions","version":"2"},"event":{"count":20,"data":{},"id":"EditorBackSpace"}}
{"session":"db5c63d063b0","build":"182.5107.16.33.5199772","bucket":"-1","time":1552547078128,"group":{"id":"actions","version":"2"},"event":{"count":1,"data":{},"id":"EditorDown"}}
{"session":"db5c63d063b0","build":"182.5107.16.33.5199772","bucket":"-1","time":1552547085876,"group":{"id":"actions","version":"2"},"event":{"count":1,"data":{},"id":"EditorChooseLookupItem"}}
{"session":"db5c63d063b0","build":"182.5107.16.33.5199772","bucket":"-1","time":1552547085884,"group":{"id":"completion","version":"2"},"event":{"count":1,"data":{},"id":"editing.completion.basic"}}
{"session":"db5c63d063b0","build":"182.5107.16.33.5199772","bucket":"-1","time":1552547093563,"group":{"id":"actions","version":"2"},"event":{"count":1,"data":{},"id":"EditorBackSpace"}}
{"session":"db5c63d063b0","build":"182.5107.16.33.5199772","bucket":"-1","time":1552547103359,"group":{"id":"actions","version":"2"},"event":{"count":1,"data":{},"id":"EditorRight"}}
{"session":"db5c63d063b0","build":"182.5107.16.33.5199772","bucket":"-1","time":1552547142594,"group":{"id":"actions","version":"2"},"event":{"count":12,"data":{},"id":"EditorBackSpace"}}
{"session":"db5c63d063b0","build":"182.5107.16.33.5199772","bucket":"-1","time":1552547176762,"group":{"id":"actions","version":"2"},"event":{"count":1,"data":{},"id":"EditorRight"}}
{"session":"db5c63d063b0","build":"182.5107.16.33.5199772","bucket":"-1","time":1552547178005,"group":{"id":"actions","version":"2"},"event":{"count":1,"data":{},"id":"EditorEnter"}}
{"session":"db5c63d063b0","build":"182.5107.16.33.5199772","bucket":"-1","time":1552547184577,"group":{"id":"actions","version":"2"},"event":{"count":1,"data":{},"id":"EditorUp"}}
{"session":"db5c63d063b0","build":"182.5107.16.33.5199772","bucket":"-1","time":1552547185033,"group":{"id":"actions","version":"2"},"event":{"count":45,"data":{},"id":"EditorRight"}}
{"session":"db5c63d063b0","build":"182.5107.16.33.5199772","bucket":"-1","time":1552547192363,"group":{"id":"actions","version":"2"},"event":{"count":1,"data":{},"id":"EditorEnter"}}
{"session":"db5c63d063b0","build":"182.5107.16.33.5199772","bucket":"-1","time":1552547220762,"group":{"id":"actions","version":"2"},"event":{"count":10,"data":{},"id":"EditorBackSpace"}}
{"session":"db5c63d063b0","build":"182.5107.16.33.5199772","bucket":"-1","time":1552547222767,"group":{"id":"actions","version":"2"},"event":{"count":1,"data":{},"id":"EditorRight"}}
{"session":"db5c63d063b0","build":"182.5107.16.33.5199772","bucket":"-1","time":1552547223650,"group":{"id":"actions","version":"2"},"event":{"count":3,"data":{},"id":"EditorBackSpace"}}
{"session":"db5c63d063b0","build":"182.5107.16.33.5199772","bucket":"-1","time":1552547230163,"group":{"id":"actions","version":"2"},"event":{"count":1,"data":{},"id":"EditorDown"}}
{"session":"db5c63d063b0","build":"182.5107.16.33.5199772","bucket":"-1","time":1552547231944,"group":{"id":"actions","version":"2"},"event":{"count":5,"data":{},"id":"EditorBackSpace"}}
{"session":"db5c63d063b0","build":"182.5107.16.33.5199772","bucket":"-1","time":1552547239192,"group":{"id":"actions","version":"2"},"event":{"count":2,"data":{},"id":"EditorLeft"}}
{"session":"db5c63d063b0","build":"182.5107.16.33.5199772","bucket":"-1","time":1552547240553,"group":{"id":"actions","version":"2"},"event":{"count":1,"data":{},"id":"EditorEnter"}}
{"session":"db5c63d063b0","build":"182.5107.16.33.5199772","bucket":"-1","time":1552547317733,"group":{"id":"actions","version":"2"},"event":{"count":1,"data":{},"id":"EditorUp"}}
{"session":"db5c63d063b0","build":"182.5107.16.33.5199772","bucket":"-1","time":1552547333132,"group":{"id":"actions","version":"2"},"event":{"count":1,"data":{},"id":"EditorRight"}}
{"session":"db5c63d063b0","build":"182.5107.16.33.5199772","bucket":"-1","time":1552547334399,"group":{"id":"actions","version":"2"},"event":{"count":1,"data":{},"id":"EditorDown"}}
{"session":"db5c63d063b0","build":"182.5107.16.33.5199772","bucket":"-1","time":1552547335072,"group":{"id":"actions","version":"2"},"event":{"count":1,"data":{},"id":"EditorRight"}}
{"session":"db5c63d063b0","build":"182.5107.16.33.5199772","bucket":"-1","time":1552547335849,"group":{"id":"actions","version":"2"},"event":{"count":16,"data":{},"id":"EditorBackSpace"}}
{"session":"db5c63d063b0","build":"182.5107.16.33.5199772","bucket":"-1","time":1552547339119,"group":{"id":"actions","version":"2"},"event":{"count":1,"data":{},"id":"EditorUp"}}
{"session":"db5c63d063b0","build":"182.5107.16.33.5199772","bucket":"-1","time":1552547339474,"group":{"id":"actions","version":"2"},"event":{"count":40,"data":{},"id":"EditorRight"}}
{"session":"db5c63d063b0","build":"182.5107.16.33.5199772","bucket":"-1","time":1552547343153,"group":{"id":"actions","version":"2"},"event":{"count":1,"data":{},"id":"EditorBackSpace"}}
{"session":"db5c63d063b0","build":"182.5107.16.33.5199772","bucket":"-1","time":1552547348524,"group":{"id":"actions","version":"2"},"event":{"count":2,"data":{},"id":"EditorLeft"}}
{"session":"db5c63d063b0","build":"182.5107.16.33.5199772","bucket":"-1","time":1552547350053,"group":{"id":"actions","version":"2"},"event":{"count":1,"data":{},"id":"EditorEnter"}}
{"session":"db5c63d063b0","build":"182.5107.16.33.5199772","bucket":"-1","time":1552547366645,"group":{"id":"actions","version":"2"},"event":{"count":1,"data":{},"id":"EditorRight"}}
{"session":"db5c63d063b0","build":"182.5107.16.33.5199772","bucket":"-1","time":1552547369671,"group":{"id":"actions","version":"2"},"event":{"count":1,"data":{},"id":"EditorRightWithSelection"}}
{"session":"db5c63d063b0","build":"182.5107.16.33.5199772","bucket":"-1","time":1552547383129,"group":{"id":"actions","version":"2"},"event":{"count":1,"data":{},"id":"EditorDown"}}
{"session":"db5c63d063b0","build":"182.5107.16.33.5199772","bucket":"-1","time":1552547384279,"group":{"id":"actions","version":"2"},"event":{"count":1,"data":{},"id":"EditorChooseLookupItem"}}
{"session":"db5c63d063b0","build":"182.5107.16.33.5199772","bucket":"-1","time":1552547384287,"group":{"id":"completion","version":"2"},"event":{"count":1,"data":{},"id":"editing.completion.basic"}}
{"session":"db5c63d063b0","build":"182.5107.16.33.5199772","bucket":"-1","time":1552547389452,"group":{"id":"actions","version":"2"},"event":{"count":1,"data":{},"id":"EditorUp"}}
{"session":"db5c63d063b0","build":"182.5107.16.33.5199772","bucket":"-1","time":1552547391958,"group":{"id":"actions","version":"2"},"event":{"count":32,"data":{},"id":"EditorBackSpace"}}
{"session":"db5c63d063b0","build":"182.5107.16.33.5199772","bucket":"-1","time":1552547408043,"group":{"id":"actions","version":"2"},"event":{"count":1,"data":{},"id":"EditorRight"}}
{"session":"db5c63d063b0","build":"182.5107.16.33.5199772","bucket":"-1","time":1552547418739,"group":{"id":"actions","version":"2"},"event":{"count":1,"data":{},"id":"EditorDown"}}
{"session":"db5c63d063b0","build":"182.5107.16.33.5199772","bucket":"-1","time":1552547420144,"group":{"id":"actions","version":"2"},"event":{"count":1,"data":{},"id":"EditorUp"}}
{"session":"db5c63d063b0","build":"182.5107.16.33.5199772","bucket":"-1","time":1552547420979,"group":{"id":"actions","version":"2"},"event":{"count":1,"data":{},"id":"EditorChooseLookupItem"}}
{"session":"db5c63d063b0","build":"182.5107.16.33.5199772","bucket":"-1","time":1552547420987,"group":{"id":"completion","version":"2"},"event":{"count":1,"data":{},"id":"editing.completion.basic"}}
{"session":"db5c63d063b0","build":"182.5107.16.33.5199772","bucket":"-1","time":1552547425058,"group":{"id":"actions","version":"2"},"event":{"count":1,"data":{},"id":"EditorEnter"}}
{"session":"db5c63d063b0","build":"182.5107.16.33.5199772","bucket":"-1","time":1552547426721,"group":{"id":"actions","version":"2"},"event":{"count":2,"data":{},"id":"EditorBackSpace"}}
{"session":"db5c63d063b0","build":"182.5107.16.33.5199772","bucket":"-1","time":1552547432223,"group":{"id":"actions","version":"2"},"event":{"count":1,"data":{},"id":"EditorDown"}}
{"session":"db5c63d063b0","build":"182.5107.16.33.5199772","bucket":"-1","time":1552547433914,"group":{"id":"actions","version":"2"},"event":{"count":76,"data":{},"id":"EditorBackSpace"}}
{"session":"db5c63d063b0","build":"182.5107.16.33.5199772","bucket":"-1","time":1552547446359,"group":{"id":"actions","version":"2"},"event":{"count":1,"data":{},"id":"EditorRight"}}
{"session":"db5c63d063b0","build":"182.5107.16.33.5199772","bucket":"-1","time":1552547447183,"group":{"id":"actions","version":"2"},"event":{"count":9,"data":{},"id":"EditorBackSpace"}}
{"session":"db5c63d063b0","build":"182.5107.16.33.5199772","bucket":"-1","time":1552547454590,"group":{"id":"actions","version":"2"},"event":{"count":1,"data":{},"id":"EditorChooseLookupItem"}}
{"session":"db5c63d063b0","build":"182.5107.16.33.5199772","bucket":"-1","time":1552547454602,"group":{"id":"completion","version":"2"},"event":{"count":1,"data":{},"id":"editing.completion.basic"}}
{"session":"db5c63d063b0","build":"182.5107.16.33.5199772","bucket":"-1","time":1552547465063,"group":{"id":"actions","version":"2"},"event":{"count":1,"data":{},"id":"EditorRight"}}
{"session":"db5c63d063b0","build":"182.5107.16.33.5199772","bucket":"-1","time":1552547480066,"group":{"id":"actions","version":"2"},"event":{"count":16,"data":{},"id":"EditorBackSpace"}}
{"session":"db5c63d063b0","build":"182.5107.16.33.5199772","bucket":"-1","time":1552547506141,"group":{"id":"actions","version":"2"},"event":{"count":12,"data":{},"id":"EditorBackSpace"}}
{"session":"db5c63d063b0","build":"182.5107.16.33.5199772","bucket":"-1","time":1552547515817,"group":{"id":"actions","version":"2"},"event":{"count":1,"data":{},"id":"EditorChooseLookupItem"}}
{"session":"db5c63d063b0","build":"182.5107.16.33.5199772","bucket":"-1","time":1552547515826,"group":{"id":"completion","version":"2"},"event":{"count":1,"data":{},"id":"editing.completion.basic"}}
{"session":"db5c63d063b0","build":"182.5107.16.33.5199772","bucket":"-1","time":1552547517484,"group":{"id":"actions","version":"2"},"event":{"count":1,"data":{},"id":"EditorEnter"}}
{"session":"db5c63d063b0","build":"182.5107.16.33.5199772","bucket":"-1","time":1552547543137,"group":{"id":"actions","version":"2"},"event":{"count":1,"data":{},"id":"EditorChooseLookupItem"}}
{"session":"db5c63d063b0","build":"182.5107.16.33.5199772","bucket":"-1","time":1552547543146,"group":{"id":"completion","version":"2"},"event":{"count":1,"data":{},"id":"editing.completion.basic"}}
{"session":"db5c63d063b0","build":"182.5107.16.33.5199772","bucket":"-1","time":1552547544538,"group":{"id":"actions","version":"2"},"event":{"count":1,"data":{},"id":"EditorEnter"}}
{"session":"db5c63d063b0","build":"182.5107.16.33.5199772","bucket":"-1","time":1552547556570,"group":{"id":"actions","version":"2"},"event":{"count":1,"data":{},"id":"EditorBackSpace"}}
{"session":"db5c63d063b0","build":"182.5107.16.33.5199772","bucket":"-1","time":1552547564533,"group":{"id":"actions","version":"2"},"event":{"count":1,"data":{},"id":"EditorRight"}}
{"session":"db5c63d063b0","build":"182.5107.16.33.5199772","bucket":"-1","time":1552547576770,"group":{"id":"actions","version":"2"},"event":{"count":1,"data":{},"id":"EditorDown"}}
{"session":"db5c63d063b0","build":"182.5107.16.33.5199772","bucket":"-1","time":1552547578272,"group":{"id":"actions","version":"2"},"event":{"count":1,"data":{},"id":"EditorChooseLookupItem"}}
{"session":"db5c63d063b0","build":"182.5107.16.33.5199772","bucket":"-1","time":1552547578292,"group":{"id":"completion","version":"2"},"event":{"count":1,"data":{},"id":"editing.completion.basic"}}
{"session":"db5c63d063b0","build":"182.5107.16.33.5199772","bucket":"-1","time":1552548111000,"group":{"id":"toolwindow","version":"2"},"event":{"count":1,"data":{},"id":"Project_by_Activation"}}
{"session":"db5c63d063b0","build":"182.5107.16.33.5199772","bucket":"-1","time":1552548242801,"group":{"id":"lifecycle","version":"2"},"event":{"count":1,"data":{},"id":"project.closed"}}
{"session":"db5c63d063b0","build":"182.5107.16.33.5199772","bucket":"-1","time":1552548256190,"group":{"id":"lifecycle","version":"2"},"event":{"count":1,"data":{},"id":"project.closed"}}
{"session":"db5c63d063b0","build":"182.5107.16.33.5199772","bucket":"-1","time":1552551615719,"group":{"id":"actions","version":"2"},"event":{"count":1,"data":{},"id":"Debugger.EditFrameSource"}}
{"session":"db5c63d063b0","build":"182.5107.16.33.5199772","bucket":"-1","time":1552551648834,"group":{"id":"actions","version":"2"},"event":{"count":31,"data":{},"id":"EditorDown"}}
{"session":"db5c63d063b0","build":"182.5107.16.33.5199772","bucket":"-1","time":1552551650631,"group":{"id":"actions","version":"2"},"event":{"count":1,"data":{},"id":"EditorUp"}}
{"session":"db5c63d063b0","build":"182.5107.16.33.5199772","bucket":"-1","time":1552551692402,"group":{"id":"actions","version":"2"},"event":{"count":1,"data":{},"id":"OpenFile"}}
{"session":"db5c63d063b0","build":"182.5107.16.33.5199772","bucket":"-1","time":1552551692590,"group":{"id":"ui.dialogs","version":"2"},"event":{"count":1,"data":{"type":"show"},"id":"com.intellij.openapi.fileChooser.ex.FileChooserDialogImpl"}}
{"session":"db5c63d063b0","build":"182.5107.16.33.5199772","bucket":"-1","time":1552551706029,"group":{"id":"ui.dialogs","version":"2"},"event":{"count":1,"data":{"code":1,"type":"close"},"id":"com.intellij.openapi.fileChooser.ex.FileChooserDialogImpl"}}
{"session":"db5c63d063b0","build":"182.5107.16.33.5199772","bucket":"-1","time":1552551713059,"group":{"id":"actions","version":"2"},"event":{"count":1,"data":{},"id":"NewProject"}}
{"session":"db5c63d063b0","build":"182.5107.16.33.5199772","bucket":"-1","time":1552551713090,"group":{"id":"ui.dialogs","version":"2"},"event":{"count":1,"data":{"type":"show"},"id":"com.android.tools.idea.wizard.model.ModelWizardDialog"}}
{"session":"db5c63d063b0","build":"182.5107.16.33.5199772","bucket":"-1","time":1552551789210,"group":{"id":"actions","version":"2"},"event":{"count":3,"data":{},"id":"EditorBackSpace"}}
{"session":"db5c63d063b0","build":"182.5107.16.33.5199772","bucket":"-1","time":1552551808248,"group":{"id":"ui.dialogs","version":"2"},"event":{"count":1,"data":{"code":0,"type":"close"},"id":"com.android.tools.idea.wizard.model.ModelWizardDialog"}}
{"session":"db5c63d063b0","build":"182.5107.16.33.5199772","bucket":"-1","time":1552551808413,"group":{"id":"lifecycle","version":"2"},"event":{"count":1,"data":{},"id":"project.opened"}}
{"session":"db5c63d063b0","build":"182.5107.16.33.5199772","bucket":"-1","time":1552551810303,"group":{"id":"toolwindow","version":"2"},"event":{"count":1,"data":{},"id":"Project_by_Activation"}}
{"session":"db5c63d063b0","build":"182.5107.16.33.5199772","bucket":"-1","time":1552551810397,"group":{"id":"lifecycle","version":"2"},"event":{"count":1,"data":{"time.ms":4087},"id":"project.opening.finished"}}
{"session":"db5c63d063b0","build":"182.5107.16.33.5199772","bucket":"-1","time":1552551812724,"group":{"id":"trigger","version":"2"},"event":{"count":1,"data":{},"id":"StripeButton[Android_Profiler].hidden"}}
{"session":"db5c63d063b0","build":"182.5107.16.33.5199772","bucket":"-1","time":1552551816942,"group":{"id":"system.os.name","version":"2"},"event":{"data":{},"id":"Windows"}}
{"session":"db5c63d063b0","build":"182.5107.16.33.5199772","bucket":"-1","time":1552551816942,"group":{"id":"system.os.version","version":"2"},"event":{"data":{},"id":"10.0"}}
{"session":"db5c63d063b0","build":"182.5107.16.33.5199772","bucket":"-1","time":1552551816942,"group":{"id":"system.jvm.vendor","version":"2"},"event":{"data":{},"id":"JetBrains_s.r.o"}}
{"session":"db5c63d063b0","build":"182.5107.16.33.5199772","bucket":"-1","time":1552551816942,"group":{"id":"system.jvm.version","version":"2"},"event":{"data":{},"id":"1.8"}}
{"session":"db5c63d063b0","build":"182.5107.16.33.5199772","bucket":"-1","time":1552551849807,"group":{"id":"toolwindow","version":"2"},"event":{"count":1,"data":{},"id":"Project_by_Activation"}}
{"session":"db5c63d063b0","build":"182.5107.16.33.5199772","bucket":"-1","time":1552551978269,"group":{"id":"actions","version":"2"},"event":{"count":1,"data":{},"id":"template.create.ActivityEmpty_Activity"}}
{"session":"db5c63d063b0","build":"182.5107.16.33.5199772","bucket":"-1","time":1552551978409,"group":{"id":"ui.dialogs","version":"2"},"event":{"count":1,"data":{"type":"show"},"id":"com.android.tools.idea.wizard.model.ModelWizardDialog"}}
{"session":"db5c63d063b0","build":"182.5107.16.33.5199772","bucket":"-1","time":1552551985079,"group":{"id":"actions","version":"2"},"event":{"count":1,"data":{},"id":"EditorBackSpace"}}
{"session":"db5c63d063b0","build":"182.5107.16.33.5199772","bucket":"-1","time":1552552013870,"group":{"id":"actions","version":"2"},"event":{"count":5,"data":{},"id":"EditorBackSpace"}}
{"session":"db5c63d063b0","build":"182.5107.16.33.5199772","bucket":"-1","time":1552552043689,"group":{"id":"actions","version":"2"},"event":{"count":1,"data":{},"id":"EditorBackSpace"}}
{"session":"db5c63d063b0","build":"182.5107.16.33.5199772","bucket":"-1","time":1552552051406,"group":{"id":"ui.dialogs","version":"2"},"event":{"count":1,"data":{"code":0,"type":"close"},"id":"com.android.tools.idea.wizard.model.ModelWizardDialog"}}
{"session":"db5c63d063b0","build":"182.5107.16.33.5199772","bucket":"-1","time":1552552089475,"group":{"id":"actions","version":"2"},"event":{"count":1,"data":{},"id":"template.create.ActivityEmpty_Activity"}}
{"session":"db5c63d063b0","build":"182.5107.16.33.5199772","bucket":"-1","time":1552552089491,"group":{"id":"ui.dialogs","version":"2"},"event":{"count":1,"data":{"type":"show"},"id":"com.android.tools.idea.wizard.model.ModelWizardDialog"}}
{"session":"db5c63d063b0","build":"182.5107.16.33.5199772","bucket":"-1","time":1552552092464,"group":{"id":"actions","version":"2"},"event":{"count":1,"data":{},"id":"EditorBackSpace"}}
{"session":"db5c63d063b0","build":"182.5107.16.33.5199772","bucket":"-1","time":1552552102071,"group":{"id":"ui.dialogs","version":"2"},"event":{"count":1,"data":{"code":0,"type":"close"},"id":"com.android.tools.idea.wizard.model.ModelWizardDialog"}}
